<?xml version="1.0" encoding="UTF-8"?>
<!-- Generated by org.testng.reporters.JUnitXMLReporter -->
<testsuite hostname="deepak-PC" ignored="0" name="test1" tests="3" failures="0" timestamp="26 Aug 2020 06:45:06 GMT" time="0.052" errors="0">
  <testcase name="testAdd" time="0.005" classname="com.isl.rnd.TestNGSimpleTest"/>
  <testcase name="testCase1" time="0.0" classname="com.isl.rnd.TestNGSimpleTest"/>
  <testcase name="testCase2" time="0.001" classname="com.isl.rnd.TestNGSimpleTest"/>
</testsuite> <!-- test1 -->
