<?xml version="1.0" encoding="UTF-8"?>
<!-- Generated by org.testng.reporters.JUnitXMLReporter -->
<testsuite hostname="STPLDEV57" ignored="0" tests="5" failures="0" timestamp="23 Apr 2019 06:51:24 GMT" time="65.874" errors="0">
  <testcase name="googleFeelingLuckyButtonTest" time="1.04" classname="GoogleSearchTest"/>
  <testcase name="googleSearchBox" time="0.078" classname="GoogleSearchTest"/>
  <testcase name="googleSearchButtonTest" time="0.049" classname="GoogleSearchTest"/>
  <testcase name="googleTitleTest" time="0.005" classname="GoogleSearchTest"/>
  <testcase name="googleUrlTest" time="0.004" classname="GoogleSearchTest"/>
</testsuite>
