<?xml version="1.0" encoding="UTF-8"?>
<!-- Generated by org.testng.reporters.JUnitXMLReporter -->
<testsuite hostname="STPLDEV57" ignored="0" tests="5" failures="0" timestamp="23 Apr 2019 06:50:44 GMT" time="25.19" errors="0">
  <testcase name="googleFeelingLuckyButtonTest" time="2.369" classname="GoogleSearchTest"/>
  <testcase name="googleSearchBox" time="0.055" classname="GoogleSearchTest"/>
  <testcase name="googleSearchButtonTest" time="0.044" classname="GoogleSearchTest"/>
  <testcase name="googleTitleTest" time="0.006" classname="GoogleSearchTest"/>
  <testcase name="googleUrlTest" time="0.006" classname="GoogleSearchTest"/>
</testsuite>
