<?xml version="1.0" encoding="UTF-8"?>
<!-- Generated by org.testng.reporters.JUnitXMLReporter -->
<testsuite hostname="STPLDEV57" ignored="0" name="login" tests="3" failures="0" timestamp="26 Apr 2019 07:39:23 GMT" time="100.769" errors="0">
  <testcase name="loginTest" time="20.797" classname="com.stpl.deepak.gtn.login.LoginTest"/>
  <testcase name="loginTest" time="38.084" classname="com.stpl.deepak.gtn.login.LoginTest"/>
  <testcase name="loginTest" time="37.941" classname="com.stpl.deepak.gtn.login.LoginTest"/>
</testsuite> <!-- login -->
