<?xml version="1.0" encoding="UTF-8"?>
<testsuite xmlns:xsi="http://www.w3.org/2001/XMLSchema-instance" xsi:noNamespaceSchemaLocation="https://maven.apache.org/surefire/maven-surefire-plugin/xsd/surefire-test-report-3.0.xsd" version="3.0" name="TestSuite" time="571.701" tests="4" errors="0" skipped="0" failures="0">
  <properties>
[...]
</properties>
  <testcase name="testOutlook[webdriver.chrome.driver, src\\test\\resources\\chromedriver_win32\\chromedriver.exe, http://localhost:4200/, 1](1)" classname="com.isl.rnd.chatbotui.ChatBotUI" time="123.761">
    <system-out><![CDATA[File read from :src\\test\\resources\\excel\\ChatbotUI.xlsx
File read from :src\\test\\resources\\excel\\ChatbotUI.xlsx
File read from :src\\test\\resources\\excel\\ChatbotUI.xlsx
File read from :src\\test\\resources\\excel\\ChatbotUI.xlsx
SheetNo: 1  row:  1    column:  1
SheetNo: 1  row:  1    column:  3
SheetNo: 1  row:  1    column:  4
SheetNo: 1  row:  1    column:  5
Click id chat-button
id-------------- chat-button
[[ChromeDriver: chrome on WINDOWS (ba493dbe02a3c5c497e47f15d66ed4d3)] -> id: chat-button]
Click
SheetNo: 1  row:  1    column:  6
SheetNo: 1  row:  1    column:  6
SheetNo: 1  row:  2    column:  1
SheetNo: 1  row:  2    column:  3
SheetNo: 1  row:  2    column:  4
SheetNo: 1  row:  2    column:  5
Click id main_menu_0_0
id-------------- main_menu_0_0
[[ChromeDriver: chrome on WINDOWS (ba493dbe02a3c5c497e47f15d66ed4d3)] -> id: main_menu_0_0]
Click
SheetNo: 1  row:  2    column:  6
SheetNo: 1  row:  2    column:  6
SheetNo: 1  row:  3    column:  1
SheetNo: 1  row:  3    column:  3
SheetNo: 1  row:  3    column:  4
SheetNo: 1  row:  3    column:  5
Click id sub_menu_2_5
id-------------- sub_menu_2_5
[[ChromeDriver: chrome on WINDOWS (ba493dbe02a3c5c497e47f15d66ed4d3)] -> id: sub_menu_2_5]
Click
SheetNo: 1  row:  3    column:  6
SheetNo: 1  row:  3    column:  6
SheetNo: 1  row:  4    column:  1
SheetNo: 1  row:  5    column:  1
SheetNo: 1  row:  5    column:  3
SheetNo: 1  row:  5    column:  4
SheetNo: 1  row:  5    column:  5
Click id like_button_3
id-------------- like_button_3
[[ChromeDriver: chrome on WINDOWS (ba493dbe02a3c5c497e47f15d66ed4d3)] -> id: like_button_3]
Click
SheetNo: 1  row:  5    column:  6
SheetNo: 1  row:  5    column:  6
SheetNo: 1  row:  6    column:  1
SheetNo: 1  row:  6    column:  3
SheetNo: 1  row:  6    column:  4
SheetNo: 1  row:  6    column:  5
Click id like_button_5
id-------------- like_button_5
[[ChromeDriver: chrome on WINDOWS (ba493dbe02a3c5c497e47f15d66ed4d3)] -> id: like_button_5]
Click
SheetNo: 1  row:  6    column:  6
SheetNo: 1  row:  6    column:  6
SheetNo: 1  row:  7    column:  1
SheetNo: 1  row:  7    column:  3
SheetNo: 1  row:  7    column:  4
SheetNo: 1  row:  7    column:  5
Entertext id chat-input
id-------------- chat-input
[[ChromeDriver: chrome on WINDOWS (ba493dbe02a3c5c497e47f15d66ed4d3)] -> id: chat-input]
SheetNo: 1  row:  7    column:  2
Entertext
SheetNo: 1  row:  8    column:  1
SheetNo: 1  row:  8    column:  3
SheetNo: 1  row:  8    column:  4
SheetNo: 1  row:  8    column:  5
Click id send-button
id-------------- send-button
[[ChromeDriver: chrome on WINDOWS (ba493dbe02a3c5c497e47f15d66ed4d3)] -> id: send-button]
Click
SheetNo: 1  row:  8    column:  6
SheetNo: 1  row:  8    column:  6
SheetNo: 1  row:  9    column:  1
SheetNo: 1  row:  9    column:  3
SheetNo: 1  row:  9    column:  4
SheetNo: 1  row:  9    column:  5
Click id sub_menu_9_5
id-------------- sub_menu_9_5
[[ChromeDriver: chrome on WINDOWS (ba493dbe02a3c5c497e47f15d66ed4d3)] -> id: sub_menu_9_5]
Click
SheetNo: 1  row:  9    column:  6
SheetNo: 1  row:  9    column:  6
SheetNo: 1  row:  10    column:  1
SheetNo: 1  row:  11    column:  1
SheetNo: 1  row:  11    column:  3
SheetNo: 1  row:  11    column:  4
SheetNo: 1  row:  11    column:  5
Click id dislike_button_10
id-------------- dislike_button_10
[[ChromeDriver: chrome on WINDOWS (ba493dbe02a3c5c497e47f15d66ed4d3)] -> id: dislike_button_10]
Click
SheetNo: 1  row:  11    column:  6
SheetNo: 1  row:  11    column:  6
SheetNo: 1  row:  12    column:  1
SheetNo: 1  row:  12    column:  3
SheetNo: 1  row:  12    column:  4
SheetNo: 1  row:  12    column:  5
Click id dislike_button_12
id-------------- dislike_button_12
[[ChromeDriver: chrome on WINDOWS (ba493dbe02a3c5c497e47f15d66ed4d3)] -> id: dislike_button_12]
Click
SheetNo: 1  row:  12    column:  6
SheetNo: 1  row:  12    column:  6
SheetNo: 1  row:  13    column:  1
SheetNo: 1  row:  13    column:  3
SheetNo: 1  row:  13    column:  4
SheetNo: 1  row:  13    column:  5
Click id like_button_13
id-------------- like_button_13
[[ChromeDriver: chrome on WINDOWS (ba493dbe02a3c5c497e47f15d66ed4d3)] -> id: like_button_13]
Click
SheetNo: 1  row:  13    column:  6
SheetNo: 1  row:  13    column:  6
SheetNo: 1  row:  14    column:  1
SheetNo: 1  row:  14    column:  3
SheetNo: 1  row:  14    column:  4
SheetNo: 1  row:  14    column:  5
Entertext id chat-input
id-------------- chat-input
[[ChromeDriver: chrome on WINDOWS (ba493dbe02a3c5c497e47f15d66ed4d3)] -> id: chat-input]
SheetNo: 1  row:  14    column:  2
Entertext
SheetNo: 1  row:  15    column:  1
SheetNo: 1  row:  15    column:  3
SheetNo: 1  row:  15    column:  4
SheetNo: 1  row:  15    column:  5
Click id send-button
id-------------- send-button
[[ChromeDriver: chrome on WINDOWS (ba493dbe02a3c5c497e47f15d66ed4d3)] -> id: send-button]
Click
SheetNo: 1  row:  15    column:  6
SheetNo: 1  row:  15    column:  6
SheetNo: 1  row:  16    column:  1
SheetNo: 1  row:  16    column:  3
SheetNo: 1  row:  16    column:  4
SheetNo: 1  row:  16    column:  5
Click id sub_menu_17_5
id-------------- sub_menu_17_5
[[ChromeDriver: chrome on WINDOWS (ba493dbe02a3c5c497e47f15d66ed4d3)] -> id: sub_menu_17_5]
Click
SheetNo: 1  row:  16    column:  6
SheetNo: 1  row:  16    column:  6
SheetNo: 1  row:  17    column:  1
SheetNo: 1  row:  18    column:  1
SheetNo: 1  row:  18    column:  3
SheetNo: 1  row:  18    column:  4
SheetNo: 1  row:  18    column:  5
Click id dislike_button_18
id-------------- dislike_button_18
[[ChromeDriver: chrome on WINDOWS (ba493dbe02a3c5c497e47f15d66ed4d3)] -> id: dislike_button_18]
Click
SheetNo: 1  row:  18    column:  6
SheetNo: 1  row:  18    column:  6
SheetNo: 1  row:  19    column:  1
SheetNo: 1  row:  19    column:  3
SheetNo: 1  row:  19    column:  4
SheetNo: 1  row:  19    column:  5
Click id like_button_20
id-------------- like_button_20
[[ChromeDriver: chrome on WINDOWS (ba493dbe02a3c5c497e47f15d66ed4d3)] -> id: like_button_20]
Click
SheetNo: 1  row:  19    column:  6
SheetNo: 1  row:  19    column:  6
SheetNo: 1  row:  20    column:  1
SheetNo: 1  row:  20    column:  3
SheetNo: 1  row:  20    column:  4
SheetNo: 1  row:  20    column:  5
Entertext id chat-input
id-------------- chat-input
[[ChromeDriver: chrome on WINDOWS (ba493dbe02a3c5c497e47f15d66ed4d3)] -> id: chat-input]
SheetNo: 1  row:  20    column:  2
Entertext
SheetNo: 1  row:  21    column:  1
SheetNo: 1  row:  21    column:  3
SheetNo: 1  row:  21    column:  4
SheetNo: 1  row:  21    column:  5
Click id send-button
id-------------- send-button
[[ChromeDriver: chrome on WINDOWS (ba493dbe02a3c5c497e47f15d66ed4d3)] -> id: send-button]
Click
SheetNo: 1  row:  21    column:  6
SheetNo: 1  row:  21    column:  6
SheetNo: 1  row:  22    column:  1
SheetNo: 1  row:  22    column:  3
SheetNo: 1  row:  22    column:  4
SheetNo: 1  row:  22    column:  5
Click id sub_menu_25_6
id-------------- sub_menu_25_6
[[ChromeDriver: chrome on WINDOWS (ba493dbe02a3c5c497e47f15d66ed4d3)] -> id: sub_menu_25_6]
Click
SheetNo: 1  row:  22    column:  6
SheetNo: 1  row:  22    column:  6
SheetNo: 1  row:  23    column:  1
SheetNo: 1  row:  24    column:  1
SheetNo: 1  row:  24    column:  3
SheetNo: 1  row:  24    column:  4
SheetNo: 1  row:  24    column:  5
Click id like_button_26
id-------------- like_button_26
[[ChromeDriver: chrome on WINDOWS (ba493dbe02a3c5c497e47f15d66ed4d3)] -> id: like_button_26]
Click
SheetNo: 1  row:  24    column:  6
SheetNo: 1  row:  24    column:  6
SheetNo: 1  row:  25    column:  1
SheetNo: 1  row:  25    column:  3
SheetNo: 1  row:  25    column:  4
SheetNo: 1  row:  25    column:  5
Click id like_button_28
id-------------- like_button_28
[[ChromeDriver: chrome on WINDOWS (ba493dbe02a3c5c497e47f15d66ed4d3)] -> id: like_button_28]
Click
SheetNo: 1  row:  25    column:  6
SheetNo: 1  row:  25    column:  6
SheetNo: 1  row:  26    column:  1
SheetNo: 1  row:  26    column:  3
SheetNo: 1  row:  26    column:  4
SheetNo: 1  row:  26    column:  5
Entertext id chat-input
id-------------- chat-input
[[ChromeDriver: chrome on WINDOWS (ba493dbe02a3c5c497e47f15d66ed4d3)] -> id: chat-input]
SheetNo: 1  row:  26    column:  2
Entertext
SheetNo: 1  row:  27    column:  1
SheetNo: 1  row:  27    column:  3
SheetNo: 1  row:  27    column:  4
SheetNo: 1  row:  27    column:  5
Click id send-button
id-------------- send-button
[[ChromeDriver: chrome on WINDOWS (ba493dbe02a3c5c497e47f15d66ed4d3)] -> id: send-button]
Click
SheetNo: 1  row:  27    column:  6
SheetNo: 1  row:  27    column:  6
SheetNo: 1  row:  28    column:  1
SheetNo: 1  row:  28    column:  3
SheetNo: 1  row:  28    column:  4
SheetNo: 1  row:  28    column:  5
Click id sub_menu_32_6
id-------------- sub_menu_32_6
[[ChromeDriver: chrome on WINDOWS (ba493dbe02a3c5c497e47f15d66ed4d3)] -> id: sub_menu_32_6]
Click
SheetNo: 1  row:  28    column:  6
SheetNo: 1  row:  28    column:  6
SheetNo: 1  row:  29    column:  1
SheetNo: 1  row:  30    column:  1
SheetNo: 1  row:  30    column:  3
SheetNo: 1  row:  30    column:  4
SheetNo: 1  row:  30    column:  5
Click id dislike_button_33
id-------------- dislike_button_33
[[ChromeDriver: chrome on WINDOWS (ba493dbe02a3c5c497e47f15d66ed4d3)] -> id: dislike_button_33]
Click
SheetNo: 1  row:  30    column:  6
SheetNo: 1  row:  30    column:  6
SheetNo: 1  row:  31    column:  1
SheetNo: 1  row:  31    column:  3
SheetNo: 1  row:  31    column:  4
SheetNo: 1  row:  31    column:  5
Click id dislike_button_35
id-------------- dislike_button_35
[[ChromeDriver: chrome on WINDOWS (ba493dbe02a3c5c497e47f15d66ed4d3)] -> id: dislike_button_35]
Click
SheetNo: 1  row:  31    column:  6
SheetNo: 1  row:  31    column:  6
SheetNo: 1  row:  32    column:  1
SheetNo: 1  row:  32    column:  3
SheetNo: 1  row:  32    column:  4
SheetNo: 1  row:  32    column:  5
Click id like_button_36
id-------------- like_button_36
[[ChromeDriver: chrome on WINDOWS (ba493dbe02a3c5c497e47f15d66ed4d3)] -> id: like_button_36]
Click
SheetNo: 1  row:  32    column:  6
SheetNo: 1  row:  32    column:  6
SheetNo: 1  row:  33    column:  1
SheetNo: 1  row:  33    column:  3
SheetNo: 1  row:  33    column:  4
SheetNo: 1  row:  33    column:  5
Entertext id chat-input
id-------------- chat-input
[[ChromeDriver: chrome on WINDOWS (ba493dbe02a3c5c497e47f15d66ed4d3)] -> id: chat-input]
SheetNo: 1  row:  33    column:  2
Entertext
SheetNo: 1  row:  34    column:  1
SheetNo: 1  row:  34    column:  3
SheetNo: 1  row:  34    column:  4
SheetNo: 1  row:  34    column:  5
Click id send-button
id-------------- send-button
[[ChromeDriver: chrome on WINDOWS (ba493dbe02a3c5c497e47f15d66ed4d3)] -> id: send-button]
Click
SheetNo: 1  row:  34    column:  6
SheetNo: 1  row:  34    column:  6
SheetNo: 1  row:  35    column:  1
SheetNo: 1  row:  35    column:  3
SheetNo: 1  row:  35    column:  4
SheetNo: 1  row:  35    column:  5
Click id sub_menu_40_6
id-------------- sub_menu_40_6
[[ChromeDriver: chrome on WINDOWS (ba493dbe02a3c5c497e47f15d66ed4d3)] -> id: sub_menu_40_6]
Click
SheetNo: 1  row:  35    column:  6
SheetNo: 1  row:  35    column:  6
SheetNo: 1  row:  36    column:  1
SheetNo: 1  row:  37    column:  1
SheetNo: 1  row:  37    column:  3
SheetNo: 1  row:  37    column:  4
SheetNo: 1  row:  37    column:  5
Click id dislike_button_41
id-------------- dislike_button_41
[[ChromeDriver: chrome on WINDOWS (ba493dbe02a3c5c497e47f15d66ed4d3)] -> id: dislike_button_41]
Click
SheetNo: 1  row:  37    column:  6
SheetNo: 1  row:  37    column:  6
SheetNo: 1  row:  38    column:  1
SheetNo: 1  row:  38    column:  3
SheetNo: 1  row:  38    column:  4
SheetNo: 1  row:  38    column:  5
Click id like_button_43
id-------------- like_button_43
[[ChromeDriver: chrome on WINDOWS (ba493dbe02a3c5c497e47f15d66ed4d3)] -> id: like_button_43]
Click
SheetNo: 1  row:  38    column:  6
SheetNo: 1  row:  38    column:  6
]]></system-out>
    <system-err><![CDATA[Starting ChromeDriver 84.0.4147.30 (48b3e868b4cc0aa7e8149519690b6f6949e110a8-refs/branch-heads/4147@{#310}) on port 1037
Only local connections are allowed.
Please see https://chromedriver.chromium.org/security-considerations for suggestions on keeping ChromeDriver safe.
ChromeDriver was started successfully.
Aug 27, 2020 2:51:50 PM org.openqa.selenium.remote.ProtocolHandshake createSession
INFO: Detected dialect: W3C
]]></system-err>
  </testcase>
  <testcase name="printerTest[webdriver.chrome.driver, src\\test\\resources\\chromedriver_win32\\chromedriver.exe, http://localhost:4200/, 0](1)" classname="com.isl.rnd.chatbotui.Printer" time="79.047">
    <system-out><![CDATA[0
20
webdriver.chrome.driver   src\\test\\resources\\chromedriver_win32\\chromedriver.exe
SheetNo: 0  row:  1    column:  1
SheetNo: 0  row:  1    column:  3
SheetNo: 0  row:  1    column:  4
SheetNo: 0  row:  1    column:  5
Click id chat-button
id-------------- chat-button
[[ChromeDriver: chrome on WINDOWS (dc101ba4c498ccb9276a2646b38dd1c2)] -> id: chat-button]
Click
SheetNo: 0  row:  1    column:  6
SheetNo: 0  row:  1    column:  6
SheetNo: 0  row:  2    column:  1
SheetNo: 0  row:  2    column:  3
SheetNo: 0  row:  2    column:  4
SheetNo: 0  row:  2    column:  5
Click id main_menu_0_1
id-------------- main_menu_0_1
[[ChromeDriver: chrome on WINDOWS (dc101ba4c498ccb9276a2646b38dd1c2)] -> id: main_menu_0_1]
Click
SheetNo: 0  row:  2    column:  6
SheetNo: 0  row:  2    column:  6
SheetNo: 0  row:  3    column:  1
SheetNo: 0  row:  3    column:  3
SheetNo: 0  row:  3    column:  4
SheetNo: 0  row:  3    column:  5
Click id sub_menu_2_0
id-------------- sub_menu_2_0
[[ChromeDriver: chrome on WINDOWS (dc101ba4c498ccb9276a2646b38dd1c2)] -> id: sub_menu_2_0]
Click
SheetNo: 0  row:  3    column:  6
SheetNo: 0  row:  3    column:  6
SheetNo: 0  row:  4    column:  1
SheetNo: 0  row:  5    column:  1
SheetNo: 0  row:  5    column:  3
SheetNo: 0  row:  5    column:  4
SheetNo: 0  row:  5    column:  5
Click id like_button_3
id-------------- like_button_3
[[ChromeDriver: chrome on WINDOWS (dc101ba4c498ccb9276a2646b38dd1c2)] -> id: like_button_3]
Click
SheetNo: 0  row:  5    column:  6
SheetNo: 0  row:  5    column:  6
SheetNo: 0  row:  6    column:  1
SheetNo: 0  row:  6    column:  3
SheetNo: 0  row:  6    column:  4
SheetNo: 0  row:  6    column:  5
Click id like_button_5
id-------------- like_button_5
[[ChromeDriver: chrome on WINDOWS (dc101ba4c498ccb9276a2646b38dd1c2)] -> id: like_button_5]
Click
SheetNo: 0  row:  6    column:  6
SheetNo: 0  row:  6    column:  6
SheetNo: 0  row:  7    column:  1
SheetNo: 0  row:  7    column:  3
SheetNo: 0  row:  7    column:  4
SheetNo: 0  row:  7    column:  5
Entertext id chat-input
id-------------- chat-input
[[ChromeDriver: chrome on WINDOWS (dc101ba4c498ccb9276a2646b38dd1c2)] -> id: chat-input]
SheetNo: 0  row:  7    column:  2
Entertext
SheetNo: 0  row:  8    column:  1
SheetNo: 0  row:  8    column:  3
SheetNo: 0  row:  8    column:  4
SheetNo: 0  row:  8    column:  5
Click id send-button
id-------------- send-button
[[ChromeDriver: chrome on WINDOWS (dc101ba4c498ccb9276a2646b38dd1c2)] -> id: send-button]
Click
SheetNo: 0  row:  8    column:  6
SheetNo: 0  row:  8    column:  6
SheetNo: 0  row:  9    column:  1
SheetNo: 0  row:  9    column:  3
SheetNo: 0  row:  9    column:  4
SheetNo: 0  row:  9    column:  5
Click id sub_menu_9_0
id-------------- sub_menu_9_0
[[ChromeDriver: chrome on WINDOWS (dc101ba4c498ccb9276a2646b38dd1c2)] -> id: sub_menu_9_0]
Click
SheetNo: 0  row:  9    column:  6
SheetNo: 0  row:  9    column:  6
SheetNo: 0  row:  10    column:  1
SheetNo: 0  row:  11    column:  1
SheetNo: 0  row:  11    column:  3
SheetNo: 0  row:  11    column:  4
SheetNo: 0  row:  11    column:  5
Click id dislike_button_10
id-------------- dislike_button_10
[[ChromeDriver: chrome on WINDOWS (dc101ba4c498ccb9276a2646b38dd1c2)] -> id: dislike_button_10]
Click
SheetNo: 0  row:  11    column:  6
SheetNo: 0  row:  11    column:  6
SheetNo: 0  row:  12    column:  1
SheetNo: 0  row:  12    column:  3
SheetNo: 0  row:  12    column:  4
SheetNo: 0  row:  12    column:  5
Click id dislike_button_12
id-------------- dislike_button_12
[[ChromeDriver: chrome on WINDOWS (dc101ba4c498ccb9276a2646b38dd1c2)] -> id: dislike_button_12]
Click
SheetNo: 0  row:  12    column:  6
SheetNo: 0  row:  12    column:  6
SheetNo: 0  row:  13    column:  1
SheetNo: 0  row:  13    column:  3
SheetNo: 0  row:  13    column:  4
SheetNo: 0  row:  13    column:  5
Click id like_button_13
id-------------- like_button_13
[[ChromeDriver: chrome on WINDOWS (dc101ba4c498ccb9276a2646b38dd1c2)] -> id: like_button_13]
Click
SheetNo: 0  row:  13    column:  6
SheetNo: 0  row:  13    column:  6
SheetNo: 0  row:  14    column:  1
SheetNo: 0  row:  14    column:  3
SheetNo: 0  row:  14    column:  4
SheetNo: 0  row:  14    column:  5
Entertext id chat-input
id-------------- chat-input
[[ChromeDriver: chrome on WINDOWS (dc101ba4c498ccb9276a2646b38dd1c2)] -> id: chat-input]
SheetNo: 0  row:  14    column:  2
Entertext
SheetNo: 0  row:  15    column:  1
SheetNo: 0  row:  15    column:  3
SheetNo: 0  row:  15    column:  4
SheetNo: 0  row:  15    column:  5
Click id send-button
id-------------- send-button
[[ChromeDriver: chrome on WINDOWS (dc101ba4c498ccb9276a2646b38dd1c2)] -> id: send-button]
Click
SheetNo: 0  row:  15    column:  6
SheetNo: 0  row:  15    column:  6
SheetNo: 0  row:  16    column:  1
SheetNo: 0  row:  16    column:  3
SheetNo: 0  row:  16    column:  4
SheetNo: 0  row:  16    column:  5
Click id sub_menu_17_0
id-------------- sub_menu_17_0
[[ChromeDriver: chrome on WINDOWS (dc101ba4c498ccb9276a2646b38dd1c2)] -> id: sub_menu_17_0]
Click
SheetNo: 0  row:  16    column:  6
SheetNo: 0  row:  16    column:  6
SheetNo: 0  row:  17    column:  1
SheetNo: 0  row:  18    column:  1
SheetNo: 0  row:  18    column:  3
SheetNo: 0  row:  18    column:  4
SheetNo: 0  row:  18    column:  5
Click id dislike_button_18
id-------------- dislike_button_18
[[ChromeDriver: chrome on WINDOWS (dc101ba4c498ccb9276a2646b38dd1c2)] -> id: dislike_button_18]
Click
SheetNo: 0  row:  18    column:  6
SheetNo: 0  row:  18    column:  6
SheetNo: 0  row:  19    column:  1
SheetNo: 0  row:  19    column:  3
SheetNo: 0  row:  19    column:  4
SheetNo: 0  row:  19    column:  5
Click id like_button_20
id-------------- like_button_20
[[ChromeDriver: chrome on WINDOWS (dc101ba4c498ccb9276a2646b38dd1c2)] -> id: like_button_20]
Click
SheetNo: 0  row:  19    column:  6
SheetNo: 0  row:  19    column:  6
]]></system-out>
    <system-err><![CDATA[Starting ChromeDriver 84.0.4147.30 (48b3e868b4cc0aa7e8149519690b6f6949e110a8-refs/branch-heads/4147@{#310}) on port 5196
Only local connections are allowed.
Please see https://chromedriver.chromium.org/security-considerations for suggestions on keeping ChromeDriver safe.
ChromeDriver was started successfully.
Aug 27, 2020 2:53:52 PM org.openqa.selenium.remote.ProtocolHandshake createSession
INFO: Detected dialect: W3C
]]></system-err>
  </testcase>
  <testcase name="printerTest[webdriver.chrome.driver, src\\test\\resources\\chromedriver_win32\\chromedriver.exe, http://localhost:4200/, 2](1)" classname="com.isl.rnd.chatbotui.InternetExplorer" time="183.557">
    <system-out><![CDATA[2
58
webdriver.chrome.driver   src\\test\\resources\\chromedriver_win32\\chromedriver.exe
SheetNo: 2  row:  1    column:  1
SheetNo: 2  row:  1    column:  3
SheetNo: 2  row:  1    column:  4
SheetNo: 2  row:  1    column:  5
Click id chat-button
id-------------- chat-button
[[ChromeDriver: chrome on WINDOWS (9e7b2672081884e7dd11a9305101ceea)] -> id: chat-button]
Click
SheetNo: 2  row:  1    column:  6
SheetNo: 2  row:  1    column:  6
SheetNo: 2  row:  2    column:  1
SheetNo: 2  row:  2    column:  3
SheetNo: 2  row:  2    column:  4
SheetNo: 2  row:  2    column:  5
Click id main_menu_0_4
id-------------- main_menu_0_4
[[ChromeDriver: chrome on WINDOWS (9e7b2672081884e7dd11a9305101ceea)] -> id: main_menu_0_4]
Click
SheetNo: 2  row:  2    column:  6
SheetNo: 2  row:  2    column:  6
SheetNo: 2  row:  3    column:  1
SheetNo: 2  row:  3    column:  3
SheetNo: 2  row:  3    column:  4
SheetNo: 2  row:  3    column:  5
Click id sub_menu_2_0
id-------------- sub_menu_2_0
[[ChromeDriver: chrome on WINDOWS (9e7b2672081884e7dd11a9305101ceea)] -> id: sub_menu_2_0]
Click
SheetNo: 2  row:  3    column:  6
SheetNo: 2  row:  3    column:  6
SheetNo: 2  row:  4    column:  1
SheetNo: 2  row:  5    column:  1
SheetNo: 2  row:  5    column:  3
SheetNo: 2  row:  5    column:  4
SheetNo: 2  row:  5    column:  5
Click id like_button_3
id-------------- like_button_3
[[ChromeDriver: chrome on WINDOWS (9e7b2672081884e7dd11a9305101ceea)] -> id: like_button_3]
Click
SheetNo: 2  row:  5    column:  6
SheetNo: 2  row:  5    column:  6
SheetNo: 2  row:  6    column:  1
SheetNo: 2  row:  6    column:  3
SheetNo: 2  row:  6    column:  4
SheetNo: 2  row:  6    column:  5
Click id like_button_5
id-------------- like_button_5
[[ChromeDriver: chrome on WINDOWS (9e7b2672081884e7dd11a9305101ceea)] -> id: like_button_5]
Click
SheetNo: 2  row:  6    column:  6
SheetNo: 2  row:  6    column:  6
SheetNo: 2  row:  7    column:  1
SheetNo: 2  row:  7    column:  3
SheetNo: 2  row:  7    column:  4
SheetNo: 2  row:  7    column:  5
Entertext id chat-input
id-------------- chat-input
[[ChromeDriver: chrome on WINDOWS (9e7b2672081884e7dd11a9305101ceea)] -> id: chat-input]
SheetNo: 2  row:  7    column:  2
Entertext
SheetNo: 2  row:  8    column:  1
SheetNo: 2  row:  8    column:  3
SheetNo: 2  row:  8    column:  4
SheetNo: 2  row:  8    column:  5
Click id send-button
id-------------- send-button
[[ChromeDriver: chrome on WINDOWS (9e7b2672081884e7dd11a9305101ceea)] -> id: send-button]
Click
SheetNo: 2  row:  8    column:  6
SheetNo: 2  row:  8    column:  6
SheetNo: 2  row:  9    column:  1
SheetNo: 2  row:  9    column:  3
SheetNo: 2  row:  9    column:  4
SheetNo: 2  row:  9    column:  5
Click id sub_menu_9_0
id-------------- sub_menu_9_0
[[ChromeDriver: chrome on WINDOWS (9e7b2672081884e7dd11a9305101ceea)] -> id: sub_menu_9_0]
Click
SheetNo: 2  row:  9    column:  6
SheetNo: 2  row:  9    column:  6
SheetNo: 2  row:  10    column:  1
SheetNo: 2  row:  11    column:  1
SheetNo: 2  row:  11    column:  3
SheetNo: 2  row:  11    column:  4
SheetNo: 2  row:  11    column:  5
Click id dislike_button_10
id-------------- dislike_button_10
[[ChromeDriver: chrome on WINDOWS (9e7b2672081884e7dd11a9305101ceea)] -> id: dislike_button_10]
Click
SheetNo: 2  row:  11    column:  6
SheetNo: 2  row:  11    column:  6
SheetNo: 2  row:  12    column:  1
SheetNo: 2  row:  12    column:  3
SheetNo: 2  row:  12    column:  4
SheetNo: 2  row:  12    column:  5
Click id dislike_button_12
id-------------- dislike_button_12
[[ChromeDriver: chrome on WINDOWS (9e7b2672081884e7dd11a9305101ceea)] -> id: dislike_button_12]
Click
SheetNo: 2  row:  12    column:  6
SheetNo: 2  row:  12    column:  6
SheetNo: 2  row:  13    column:  1
SheetNo: 2  row:  13    column:  3
SheetNo: 2  row:  13    column:  4
SheetNo: 2  row:  13    column:  5
Click id like_button_13
id-------------- like_button_13
[[ChromeDriver: chrome on WINDOWS (9e7b2672081884e7dd11a9305101ceea)] -> id: like_button_13]
Click
SheetNo: 2  row:  13    column:  6
SheetNo: 2  row:  13    column:  6
SheetNo: 2  row:  14    column:  1
SheetNo: 2  row:  14    column:  3
SheetNo: 2  row:  14    column:  4
SheetNo: 2  row:  14    column:  5
Entertext id chat-input
id-------------- chat-input
[[ChromeDriver: chrome on WINDOWS (9e7b2672081884e7dd11a9305101ceea)] -> id: chat-input]
SheetNo: 2  row:  14    column:  2
Entertext
SheetNo: 2  row:  15    column:  1
SheetNo: 2  row:  15    column:  3
SheetNo: 2  row:  15    column:  4
SheetNo: 2  row:  15    column:  5
Click id send-button
id-------------- send-button
[[ChromeDriver: chrome on WINDOWS (9e7b2672081884e7dd11a9305101ceea)] -> id: send-button]
Click
SheetNo: 2  row:  15    column:  6
SheetNo: 2  row:  15    column:  6
SheetNo: 2  row:  16    column:  1
SheetNo: 2  row:  16    column:  3
SheetNo: 2  row:  16    column:  4
SheetNo: 2  row:  16    column:  5
Click id sub_menu_17_0
id-------------- sub_menu_17_0
[[ChromeDriver: chrome on WINDOWS (9e7b2672081884e7dd11a9305101ceea)] -> id: sub_menu_17_0]
Click
SheetNo: 2  row:  16    column:  6
SheetNo: 2  row:  16    column:  6
SheetNo: 2  row:  17    column:  1
SheetNo: 2  row:  18    column:  1
SheetNo: 2  row:  18    column:  3
SheetNo: 2  row:  18    column:  4
SheetNo: 2  row:  18    column:  5
Click id dislike_button_18
id-------------- dislike_button_18
[[ChromeDriver: chrome on WINDOWS (9e7b2672081884e7dd11a9305101ceea)] -> id: dislike_button_18]
Click
SheetNo: 2  row:  18    column:  6
SheetNo: 2  row:  18    column:  6
SheetNo: 2  row:  19    column:  1
SheetNo: 2  row:  19    column:  3
SheetNo: 2  row:  19    column:  4
SheetNo: 2  row:  19    column:  5
Click id like_button_20
id-------------- like_button_20
[[ChromeDriver: chrome on WINDOWS (9e7b2672081884e7dd11a9305101ceea)] -> id: like_button_20]
Click
SheetNo: 2  row:  19    column:  6
SheetNo: 2  row:  19    column:  6
SheetNo: 2  row:  20    column:  1
SheetNo: 2  row:  20    column:  3
SheetNo: 2  row:  20    column:  4
SheetNo: 2  row:  20    column:  5
Entertext id chat-input
id-------------- chat-input
[[ChromeDriver: chrome on WINDOWS (9e7b2672081884e7dd11a9305101ceea)] -> id: chat-input]
SheetNo: 2  row:  20    column:  2
Entertext
SheetNo: 2  row:  21    column:  1
SheetNo: 2  row:  21    column:  3
SheetNo: 2  row:  21    column:  4
SheetNo: 2  row:  21    column:  5
Click id send-button
id-------------- send-button
[[ChromeDriver: chrome on WINDOWS (9e7b2672081884e7dd11a9305101ceea)] -> id: send-button]
Click
SheetNo: 2  row:  21    column:  6
SheetNo: 2  row:  21    column:  6
SheetNo: 2  row:  22    column:  1
SheetNo: 2  row:  22    column:  3
SheetNo: 2  row:  22    column:  4
SheetNo: 2  row:  22    column:  5
Click id sub_menu_25_1
id-------------- sub_menu_25_1
[[ChromeDriver: chrome on WINDOWS (9e7b2672081884e7dd11a9305101ceea)] -> id: sub_menu_25_1]
Click
SheetNo: 2  row:  22    column:  6
SheetNo: 2  row:  22    column:  6
SheetNo: 2  row:  23    column:  1
SheetNo: 2  row:  24    column:  1
SheetNo: 2  row:  24    column:  3
SheetNo: 2  row:  24    column:  4
SheetNo: 2  row:  24    column:  5
Click id like_button_26
id-------------- like_button_26
[[ChromeDriver: chrome on WINDOWS (9e7b2672081884e7dd11a9305101ceea)] -> id: like_button_26]
Click
SheetNo: 2  row:  24    column:  6
SheetNo: 2  row:  24    column:  6
SheetNo: 2  row:  25    column:  1
SheetNo: 2  row:  25    column:  3
SheetNo: 2  row:  25    column:  4
SheetNo: 2  row:  25    column:  5
Click id like_button_28
id-------------- like_button_28
[[ChromeDriver: chrome on WINDOWS (9e7b2672081884e7dd11a9305101ceea)] -> id: like_button_28]
Click
SheetNo: 2  row:  25    column:  6
SheetNo: 2  row:  25    column:  6
SheetNo: 2  row:  26    column:  1
SheetNo: 2  row:  26    column:  3
SheetNo: 2  row:  26    column:  4
SheetNo: 2  row:  26    column:  5
Entertext id chat-input
id-------------- chat-input
[[ChromeDriver: chrome on WINDOWS (9e7b2672081884e7dd11a9305101ceea)] -> id: chat-input]
SheetNo: 2  row:  26    column:  2
Entertext
SheetNo: 2  row:  27    column:  1
SheetNo: 2  row:  27    column:  3
SheetNo: 2  row:  27    column:  4
SheetNo: 2  row:  27    column:  5
Click id send-button
id-------------- send-button
[[ChromeDriver: chrome on WINDOWS (9e7b2672081884e7dd11a9305101ceea)] -> id: send-button]
Click
SheetNo: 2  row:  27    column:  6
SheetNo: 2  row:  27    column:  6
SheetNo: 2  row:  28    column:  1
SheetNo: 2  row:  28    column:  3
SheetNo: 2  row:  28    column:  4
SheetNo: 2  row:  28    column:  5
Click id sub_menu_32_1
id-------------- sub_menu_32_1
[[ChromeDriver: chrome on WINDOWS (9e7b2672081884e7dd11a9305101ceea)] -> id: sub_menu_32_1]
Click
SheetNo: 2  row:  28    column:  6
SheetNo: 2  row:  28    column:  6
SheetNo: 2  row:  29    column:  1
SheetNo: 2  row:  30    column:  1
SheetNo: 2  row:  30    column:  3
SheetNo: 2  row:  30    column:  4
SheetNo: 2  row:  30    column:  5
Click id dislike_button_33
id-------------- dislike_button_33
[[ChromeDriver: chrome on WINDOWS (9e7b2672081884e7dd11a9305101ceea)] -> id: dislike_button_33]
Click
SheetNo: 2  row:  30    column:  6
SheetNo: 2  row:  30    column:  6
SheetNo: 2  row:  31    column:  1
SheetNo: 2  row:  31    column:  3
SheetNo: 2  row:  31    column:  4
SheetNo: 2  row:  31    column:  5
Click id dislike_button_35
id-------------- dislike_button_35
[[ChromeDriver: chrome on WINDOWS (9e7b2672081884e7dd11a9305101ceea)] -> id: dislike_button_35]
Click
SheetNo: 2  row:  31    column:  6
SheetNo: 2  row:  31    column:  6
SheetNo: 2  row:  32    column:  1
SheetNo: 2  row:  32    column:  3
SheetNo: 2  row:  32    column:  4
SheetNo: 2  row:  32    column:  5
Click id like_button_36
id-------------- like_button_36
[[ChromeDriver: chrome on WINDOWS (9e7b2672081884e7dd11a9305101ceea)] -> id: like_button_36]
Click
SheetNo: 2  row:  32    column:  6
SheetNo: 2  row:  32    column:  6
SheetNo: 2  row:  33    column:  1
SheetNo: 2  row:  33    column:  3
SheetNo: 2  row:  33    column:  4
SheetNo: 2  row:  33    column:  5
Entertext id chat-input
id-------------- chat-input
[[ChromeDriver: chrome on WINDOWS (9e7b2672081884e7dd11a9305101ceea)] -> id: chat-input]
SheetNo: 2  row:  33    column:  2
Entertext
SheetNo: 2  row:  34    column:  1
SheetNo: 2  row:  34    column:  3
SheetNo: 2  row:  34    column:  4
SheetNo: 2  row:  34    column:  5
Click id send-button
id-------------- send-button
[[ChromeDriver: chrome on WINDOWS (9e7b2672081884e7dd11a9305101ceea)] -> id: send-button]
Click
SheetNo: 2  row:  34    column:  6
SheetNo: 2  row:  34    column:  6
SheetNo: 2  row:  35    column:  1
SheetNo: 2  row:  35    column:  3
SheetNo: 2  row:  35    column:  4
SheetNo: 2  row:  35    column:  5
Click id sub_menu_40_1
id-------------- sub_menu_40_1
[[ChromeDriver: chrome on WINDOWS (9e7b2672081884e7dd11a9305101ceea)] -> id: sub_menu_40_1]
Click
SheetNo: 2  row:  35    column:  6
SheetNo: 2  row:  35    column:  6
SheetNo: 2  row:  36    column:  1
SheetNo: 2  row:  37    column:  1
SheetNo: 2  row:  37    column:  3
SheetNo: 2  row:  37    column:  4
SheetNo: 2  row:  37    column:  5
Click id dislike_button_41
id-------------- dislike_button_41
[[ChromeDriver: chrome on WINDOWS (9e7b2672081884e7dd11a9305101ceea)] -> id: dislike_button_41]
Click
SheetNo: 2  row:  37    column:  6
SheetNo: 2  row:  37    column:  6
SheetNo: 2  row:  38    column:  1
SheetNo: 2  row:  38    column:  3
SheetNo: 2  row:  38    column:  4
SheetNo: 2  row:  38    column:  5
Click id like_button_43
id-------------- like_button_43
[[ChromeDriver: chrome on WINDOWS (9e7b2672081884e7dd11a9305101ceea)] -> id: like_button_43]
Click
SheetNo: 2  row:  38    column:  6
SheetNo: 2  row:  38    column:  6
SheetNo: 2  row:  39    column:  1
SheetNo: 2  row:  39    column:  3
SheetNo: 2  row:  39    column:  4
SheetNo: 2  row:  39    column:  5
Entertext id chat-input
id-------------- chat-input
[[ChromeDriver: chrome on WINDOWS (9e7b2672081884e7dd11a9305101ceea)] -> id: chat-input]
SheetNo: 2  row:  39    column:  2
Entertext
SheetNo: 2  row:  40    column:  1
SheetNo: 2  row:  40    column:  3
SheetNo: 2  row:  40    column:  4
SheetNo: 2  row:  40    column:  5
Click id send-button
id-------------- send-button
[[ChromeDriver: chrome on WINDOWS (9e7b2672081884e7dd11a9305101ceea)] -> id: send-button]
Click
SheetNo: 2  row:  40    column:  6
SheetNo: 2  row:  40    column:  6
SheetNo: 2  row:  41    column:  1
SheetNo: 2  row:  41    column:  3
SheetNo: 2  row:  41    column:  4
SheetNo: 2  row:  41    column:  5
Click id sub_menu_48_2
id-------------- sub_menu_48_2
[[ChromeDriver: chrome on WINDOWS (9e7b2672081884e7dd11a9305101ceea)] -> id: sub_menu_48_2]
Click
SheetNo: 2  row:  41    column:  6
SheetNo: 2  row:  41    column:  6
SheetNo: 2  row:  42    column:  1
SheetNo: 2  row:  43    column:  1
SheetNo: 2  row:  43    column:  3
SheetNo: 2  row:  43    column:  4
SheetNo: 2  row:  43    column:  5
Click id like_button_49
id-------------- like_button_49
[[ChromeDriver: chrome on WINDOWS (9e7b2672081884e7dd11a9305101ceea)] -> id: like_button_49]
Click
SheetNo: 2  row:  43    column:  6
SheetNo: 2  row:  43    column:  6
SheetNo: 2  row:  44    column:  1
SheetNo: 2  row:  44    column:  3
SheetNo: 2  row:  44    column:  4
SheetNo: 2  row:  44    column:  5
Click id like_button_51
id-------------- like_button_51
[[ChromeDriver: chrome on WINDOWS (9e7b2672081884e7dd11a9305101ceea)] -> id: like_button_51]
Click
SheetNo: 2  row:  44    column:  6
SheetNo: 2  row:  44    column:  6
SheetNo: 2  row:  45    column:  1
SheetNo: 2  row:  45    column:  3
SheetNo: 2  row:  45    column:  4
SheetNo: 2  row:  45    column:  5
Entertext id chat-input
id-------------- chat-input
[[ChromeDriver: chrome on WINDOWS (9e7b2672081884e7dd11a9305101ceea)] -> id: chat-input]
SheetNo: 2  row:  45    column:  2
Entertext
SheetNo: 2  row:  46    column:  1
SheetNo: 2  row:  46    column:  3
SheetNo: 2  row:  46    column:  4
SheetNo: 2  row:  46    column:  5
Click id send-button
id-------------- send-button
[[ChromeDriver: chrome on WINDOWS (9e7b2672081884e7dd11a9305101ceea)] -> id: send-button]
Click
SheetNo: 2  row:  46    column:  6
SheetNo: 2  row:  46    column:  6
SheetNo: 2  row:  47    column:  1
SheetNo: 2  row:  47    column:  3
SheetNo: 2  row:  47    column:  4
SheetNo: 2  row:  47    column:  5
Click id sub_menu_55_2
id-------------- sub_menu_55_2
[[ChromeDriver: chrome on WINDOWS (9e7b2672081884e7dd11a9305101ceea)] -> id: sub_menu_55_2]
Click
SheetNo: 2  row:  47    column:  6
SheetNo: 2  row:  47    column:  6
SheetNo: 2  row:  48    column:  1
SheetNo: 2  row:  49    column:  1
SheetNo: 2  row:  49    column:  3
SheetNo: 2  row:  49    column:  4
SheetNo: 2  row:  49    column:  5
Click id dislike_button_56
id-------------- dislike_button_56
[[ChromeDriver: chrome on WINDOWS (9e7b2672081884e7dd11a9305101ceea)] -> id: dislike_button_56]
Click
SheetNo: 2  row:  49    column:  6
SheetNo: 2  row:  49    column:  6
SheetNo: 2  row:  50    column:  1
SheetNo: 2  row:  50    column:  3
SheetNo: 2  row:  50    column:  4
SheetNo: 2  row:  50    column:  5
Click id dislike_button_58
id-------------- dislike_button_58
[[ChromeDriver: chrome on WINDOWS (9e7b2672081884e7dd11a9305101ceea)] -> id: dislike_button_58]
Click
SheetNo: 2  row:  50    column:  6
SheetNo: 2  row:  50    column:  6
SheetNo: 2  row:  51    column:  1
SheetNo: 2  row:  51    column:  3
SheetNo: 2  row:  51    column:  4
SheetNo: 2  row:  51    column:  5
Click id like_button_59
id-------------- like_button_59
[[ChromeDriver: chrome on WINDOWS (9e7b2672081884e7dd11a9305101ceea)] -> id: like_button_59]
Click
SheetNo: 2  row:  51    column:  6
SheetNo: 2  row:  51    column:  6
SheetNo: 2  row:  52    column:  1
SheetNo: 2  row:  52    column:  3
SheetNo: 2  row:  52    column:  4
SheetNo: 2  row:  52    column:  5
Entertext id chat-input
id-------------- chat-input
[[ChromeDriver: chrome on WINDOWS (9e7b2672081884e7dd11a9305101ceea)] -> id: chat-input]
SheetNo: 2  row:  52    column:  2
Entertext
SheetNo: 2  row:  53    column:  1
SheetNo: 2  row:  53    column:  3
SheetNo: 2  row:  53    column:  4
SheetNo: 2  row:  53    column:  5
Click id send-button
id-------------- send-button
[[ChromeDriver: chrome on WINDOWS (9e7b2672081884e7dd11a9305101ceea)] -> id: send-button]
Click
SheetNo: 2  row:  53    column:  6
SheetNo: 2  row:  53    column:  6
SheetNo: 2  row:  54    column:  1
SheetNo: 2  row:  54    column:  3
SheetNo: 2  row:  54    column:  4
SheetNo: 2  row:  54    column:  5
Click id sub_menu_63_2
id-------------- sub_menu_63_2
[[ChromeDriver: chrome on WINDOWS (9e7b2672081884e7dd11a9305101ceea)] -> id: sub_menu_63_2]
Click
SheetNo: 2  row:  54    column:  6
SheetNo: 2  row:  54    column:  6
SheetNo: 2  row:  55    column:  1
SheetNo: 2  row:  56    column:  1
SheetNo: 2  row:  56    column:  3
SheetNo: 2  row:  56    column:  4
SheetNo: 2  row:  56    column:  5
Click id dislike_button_64
id-------------- dislike_button_64
[[ChromeDriver: chrome on WINDOWS (9e7b2672081884e7dd11a9305101ceea)] -> id: dislike_button_64]
Click
SheetNo: 2  row:  56    column:  6
SheetNo: 2  row:  56    column:  6
SheetNo: 2  row:  57    column:  1
SheetNo: 2  row:  57    column:  3
SheetNo: 2  row:  57    column:  4
SheetNo: 2  row:  57    column:  5
Click id like_button_66
id-------------- like_button_66
[[ChromeDriver: chrome on WINDOWS (9e7b2672081884e7dd11a9305101ceea)] -> id: like_button_66]
Click
SheetNo: 2  row:  57    column:  6
SheetNo: 2  row:  57    column:  6
]]></system-out>
    <system-err><![CDATA[Starting ChromeDriver 84.0.4147.30 (48b3e868b4cc0aa7e8149519690b6f6949e110a8-refs/branch-heads/4147@{#310}) on port 31916
Only local connections are allowed.
Please see https://chromedriver.chromium.org/security-considerations for suggestions on keeping ChromeDriver safe.
ChromeDriver was started successfully.
Aug 27, 2020 2:55:11 PM org.openqa.selenium.remote.ProtocolHandshake createSession
INFO: Detected dialect: W3C
]]></system-err>
  </testcase>
  <testcase name="printerTest[webdriver.chrome.driver, src\\test\\resources\\chromedriver_win32\\chromedriver.exe, http://localhost:4200/, 3](1)" classname="com.isl.rnd.chatbotui.Mobility" time="182.465">
    <system-out><![CDATA[3
58
webdriver.chrome.driver   src\\test\\resources\\chromedriver_win32\\chromedriver.exe
SheetNo: 3  row:  1    column:  1
SheetNo: 3  row:  1    column:  3
SheetNo: 3  row:  1    column:  4
SheetNo: 3  row:  1    column:  5
Click id chat-button
id-------------- chat-button
[[ChromeDriver: chrome on WINDOWS (242683bb4a53a801686bb966412acd88)] -> id: chat-button]
Click
SheetNo: 3  row:  1    column:  6
SheetNo: 3  row:  1    column:  6
SheetNo: 3  row:  2    column:  1
SheetNo: 3  row:  2    column:  3
SheetNo: 3  row:  2    column:  4
SheetNo: 3  row:  2    column:  5
Click id main_menu_0_5
id-------------- main_menu_0_5
[[ChromeDriver: chrome on WINDOWS (242683bb4a53a801686bb966412acd88)] -> id: main_menu_0_5]
Click
SheetNo: 3  row:  2    column:  6
SheetNo: 3  row:  2    column:  6
SheetNo: 3  row:  3    column:  1
SheetNo: 3  row:  3    column:  3
SheetNo: 3  row:  3    column:  4
SheetNo: 3  row:  3    column:  5
Click id sub_menu_2_0
id-------------- sub_menu_2_0
[[ChromeDriver: chrome on WINDOWS (242683bb4a53a801686bb966412acd88)] -> id: sub_menu_2_0]
Click
SheetNo: 3  row:  3    column:  6
SheetNo: 3  row:  3    column:  6
SheetNo: 3  row:  4    column:  1
SheetNo: 3  row:  5    column:  1
SheetNo: 3  row:  5    column:  3
SheetNo: 3  row:  5    column:  4
SheetNo: 3  row:  5    column:  5
Click id like_button_3
id-------------- like_button_3
[[ChromeDriver: chrome on WINDOWS (242683bb4a53a801686bb966412acd88)] -> id: like_button_3]
Click
SheetNo: 3  row:  5    column:  6
SheetNo: 3  row:  5    column:  6
SheetNo: 3  row:  6    column:  1
SheetNo: 3  row:  6    column:  3
SheetNo: 3  row:  6    column:  4
SheetNo: 3  row:  6    column:  5
Click id like_button_5
id-------------- like_button_5
[[ChromeDriver: chrome on WINDOWS (242683bb4a53a801686bb966412acd88)] -> id: like_button_5]
Click
SheetNo: 3  row:  6    column:  6
SheetNo: 3  row:  6    column:  6
SheetNo: 3  row:  7    column:  1
SheetNo: 3  row:  7    column:  3
SheetNo: 3  row:  7    column:  4
SheetNo: 3  row:  7    column:  5
Entertext id chat-input
id-------------- chat-input
[[ChromeDriver: chrome on WINDOWS (242683bb4a53a801686bb966412acd88)] -> id: chat-input]
SheetNo: 3  row:  7    column:  2
Entertext
SheetNo: 3  row:  8    column:  1
SheetNo: 3  row:  8    column:  3
SheetNo: 3  row:  8    column:  4
SheetNo: 3  row:  8    column:  5
Click id send-button
id-------------- send-button
[[ChromeDriver: chrome on WINDOWS (242683bb4a53a801686bb966412acd88)] -> id: send-button]
Click
SheetNo: 3  row:  8    column:  6
SheetNo: 3  row:  8    column:  6
SheetNo: 3  row:  9    column:  1
SheetNo: 3  row:  9    column:  3
SheetNo: 3  row:  9    column:  4
SheetNo: 3  row:  9    column:  5
Click id sub_menu_9_0
id-------------- sub_menu_9_0
[[ChromeDriver: chrome on WINDOWS (242683bb4a53a801686bb966412acd88)] -> id: sub_menu_9_0]
Click
SheetNo: 3  row:  9    column:  6
SheetNo: 3  row:  9    column:  6
SheetNo: 3  row:  10    column:  1
SheetNo: 3  row:  11    column:  1
SheetNo: 3  row:  11    column:  3
SheetNo: 3  row:  11    column:  4
SheetNo: 3  row:  11    column:  5
Click id dislike_button_10
id-------------- dislike_button_10
[[ChromeDriver: chrome on WINDOWS (242683bb4a53a801686bb966412acd88)] -> id: dislike_button_10]
Click
SheetNo: 3  row:  11    column:  6
SheetNo: 3  row:  11    column:  6
SheetNo: 3  row:  12    column:  1
SheetNo: 3  row:  12    column:  3
SheetNo: 3  row:  12    column:  4
SheetNo: 3  row:  12    column:  5
Click id dislike_button_12
id-------------- dislike_button_12
[[ChromeDriver: chrome on WINDOWS (242683bb4a53a801686bb966412acd88)] -> id: dislike_button_12]
Click
SheetNo: 3  row:  12    column:  6
SheetNo: 3  row:  12    column:  6
SheetNo: 3  row:  13    column:  1
SheetNo: 3  row:  13    column:  3
SheetNo: 3  row:  13    column:  4
SheetNo: 3  row:  13    column:  5
Click id like_button_13
id-------------- like_button_13
[[ChromeDriver: chrome on WINDOWS (242683bb4a53a801686bb966412acd88)] -> id: like_button_13]
Click
SheetNo: 3  row:  13    column:  6
SheetNo: 3  row:  13    column:  6
SheetNo: 3  row:  14    column:  1
SheetNo: 3  row:  14    column:  3
SheetNo: 3  row:  14    column:  4
SheetNo: 3  row:  14    column:  5
Entertext id chat-input
id-------------- chat-input
[[ChromeDriver: chrome on WINDOWS (242683bb4a53a801686bb966412acd88)] -> id: chat-input]
SheetNo: 3  row:  14    column:  2
Entertext
SheetNo: 3  row:  15    column:  1
SheetNo: 3  row:  15    column:  3
SheetNo: 3  row:  15    column:  4
SheetNo: 3  row:  15    column:  5
Click id send-button
id-------------- send-button
[[ChromeDriver: chrome on WINDOWS (242683bb4a53a801686bb966412acd88)] -> id: send-button]
Click
SheetNo: 3  row:  15    column:  6
SheetNo: 3  row:  15    column:  6
SheetNo: 3  row:  16    column:  1
SheetNo: 3  row:  16    column:  3
SheetNo: 3  row:  16    column:  4
SheetNo: 3  row:  16    column:  5
Click id sub_menu_17_0
id-------------- sub_menu_17_0
[[ChromeDriver: chrome on WINDOWS (242683bb4a53a801686bb966412acd88)] -> id: sub_menu_17_0]
Click
SheetNo: 3  row:  16    column:  6
SheetNo: 3  row:  16    column:  6
SheetNo: 3  row:  17    column:  1
SheetNo: 3  row:  18    column:  1
SheetNo: 3  row:  18    column:  3
SheetNo: 3  row:  18    column:  4
SheetNo: 3  row:  18    column:  5
Click id dislike_button_18
id-------------- dislike_button_18
[[ChromeDriver: chrome on WINDOWS (242683bb4a53a801686bb966412acd88)] -> id: dislike_button_18]
Click
SheetNo: 3  row:  18    column:  6
SheetNo: 3  row:  18    column:  6
SheetNo: 3  row:  19    column:  1
SheetNo: 3  row:  19    column:  3
SheetNo: 3  row:  19    column:  4
SheetNo: 3  row:  19    column:  5
Click id like_button_20
id-------------- like_button_20
[[ChromeDriver: chrome on WINDOWS (242683bb4a53a801686bb966412acd88)] -> id: like_button_20]
Click
SheetNo: 3  row:  19    column:  6
SheetNo: 3  row:  19    column:  6
SheetNo: 3  row:  20    column:  1
SheetNo: 3  row:  20    column:  3
SheetNo: 3  row:  20    column:  4
SheetNo: 3  row:  20    column:  5
Entertext id chat-input
id-------------- chat-input
[[ChromeDriver: chrome on WINDOWS (242683bb4a53a801686bb966412acd88)] -> id: chat-input]
SheetNo: 3  row:  20    column:  2
Entertext
SheetNo: 3  row:  21    column:  1
SheetNo: 3  row:  21    column:  3
SheetNo: 3  row:  21    column:  4
SheetNo: 3  row:  21    column:  5
Click id send-button
id-------------- send-button
[[ChromeDriver: chrome on WINDOWS (242683bb4a53a801686bb966412acd88)] -> id: send-button]
Click
SheetNo: 3  row:  21    column:  6
SheetNo: 3  row:  21    column:  6
SheetNo: 3  row:  22    column:  1
SheetNo: 3  row:  22    column:  3
SheetNo: 3  row:  22    column:  4
SheetNo: 3  row:  22    column:  5
Click id sub_menu_25_1
id-------------- sub_menu_25_1
[[ChromeDriver: chrome on WINDOWS (242683bb4a53a801686bb966412acd88)] -> id: sub_menu_25_1]
Click
SheetNo: 3  row:  22    column:  6
SheetNo: 3  row:  22    column:  6
SheetNo: 3  row:  23    column:  1
SheetNo: 3  row:  24    column:  1
SheetNo: 3  row:  24    column:  3
SheetNo: 3  row:  24    column:  4
SheetNo: 3  row:  24    column:  5
Click id like_button_26
id-------------- like_button_26
[[ChromeDriver: chrome on WINDOWS (242683bb4a53a801686bb966412acd88)] -> id: like_button_26]
Click
SheetNo: 3  row:  24    column:  6
SheetNo: 3  row:  24    column:  6
SheetNo: 3  row:  25    column:  1
SheetNo: 3  row:  25    column:  3
SheetNo: 3  row:  25    column:  4
SheetNo: 3  row:  25    column:  5
Click id like_button_28
id-------------- like_button_28
[[ChromeDriver: chrome on WINDOWS (242683bb4a53a801686bb966412acd88)] -> id: like_button_28]
Click
SheetNo: 3  row:  25    column:  6
SheetNo: 3  row:  25    column:  6
SheetNo: 3  row:  26    column:  1
SheetNo: 3  row:  26    column:  3
SheetNo: 3  row:  26    column:  4
SheetNo: 3  row:  26    column:  5
Entertext id chat-input
id-------------- chat-input
[[ChromeDriver: chrome on WINDOWS (242683bb4a53a801686bb966412acd88)] -> id: chat-input]
SheetNo: 3  row:  26    column:  2
Entertext
SheetNo: 3  row:  27    column:  1
SheetNo: 3  row:  27    column:  3
SheetNo: 3  row:  27    column:  4
SheetNo: 3  row:  27    column:  5
Click id send-button
id-------------- send-button
[[ChromeDriver: chrome on WINDOWS (242683bb4a53a801686bb966412acd88)] -> id: send-button]
Click
SheetNo: 3  row:  27    column:  6
SheetNo: 3  row:  27    column:  6
SheetNo: 3  row:  28    column:  1
SheetNo: 3  row:  28    column:  3
SheetNo: 3  row:  28    column:  4
SheetNo: 3  row:  28    column:  5
Click id sub_menu_32_1
id-------------- sub_menu_32_1
[[ChromeDriver: chrome on WINDOWS (242683bb4a53a801686bb966412acd88)] -> id: sub_menu_32_1]
Click
SheetNo: 3  row:  28    column:  6
SheetNo: 3  row:  28    column:  6
SheetNo: 3  row:  29    column:  1
SheetNo: 3  row:  30    column:  1
SheetNo: 3  row:  30    column:  3
SheetNo: 3  row:  30    column:  4
SheetNo: 3  row:  30    column:  5
Click id dislike_button_33
id-------------- dislike_button_33
[[ChromeDriver: chrome on WINDOWS (242683bb4a53a801686bb966412acd88)] -> id: dislike_button_33]
Click
SheetNo: 3  row:  30    column:  6
SheetNo: 3  row:  30    column:  6
SheetNo: 3  row:  31    column:  1
SheetNo: 3  row:  31    column:  3
SheetNo: 3  row:  31    column:  4
SheetNo: 3  row:  31    column:  5
Click id dislike_button_35
id-------------- dislike_button_35
[[ChromeDriver: chrome on WINDOWS (242683bb4a53a801686bb966412acd88)] -> id: dislike_button_35]
Click
SheetNo: 3  row:  31    column:  6
SheetNo: 3  row:  31    column:  6
SheetNo: 3  row:  32    column:  1
SheetNo: 3  row:  32    column:  3
SheetNo: 3  row:  32    column:  4
SheetNo: 3  row:  32    column:  5
Click id like_button_36
id-------------- like_button_36
[[ChromeDriver: chrome on WINDOWS (242683bb4a53a801686bb966412acd88)] -> id: like_button_36]
Click
SheetNo: 3  row:  32    column:  6
SheetNo: 3  row:  32    column:  6
SheetNo: 3  row:  33    column:  1
SheetNo: 3  row:  33    column:  3
SheetNo: 3  row:  33    column:  4
SheetNo: 3  row:  33    column:  5
Entertext id chat-input
id-------------- chat-input
[[ChromeDriver: chrome on WINDOWS (242683bb4a53a801686bb966412acd88)] -> id: chat-input]
SheetNo: 3  row:  33    column:  2
Entertext
SheetNo: 3  row:  34    column:  1
SheetNo: 3  row:  34    column:  3
SheetNo: 3  row:  34    column:  4
SheetNo: 3  row:  34    column:  5
Click id send-button
id-------------- send-button
[[ChromeDriver: chrome on WINDOWS (242683bb4a53a801686bb966412acd88)] -> id: send-button]
Click
SheetNo: 3  row:  34    column:  6
SheetNo: 3  row:  34    column:  6
SheetNo: 3  row:  35    column:  1
SheetNo: 3  row:  35    column:  3
SheetNo: 3  row:  35    column:  4
SheetNo: 3  row:  35    column:  5
Click id sub_menu_40_1
id-------------- sub_menu_40_1
[[ChromeDriver: chrome on WINDOWS (242683bb4a53a801686bb966412acd88)] -> id: sub_menu_40_1]
Click
SheetNo: 3  row:  35    column:  6
SheetNo: 3  row:  35    column:  6
SheetNo: 3  row:  36    column:  1
SheetNo: 3  row:  37    column:  1
SheetNo: 3  row:  37    column:  3
SheetNo: 3  row:  37    column:  4
SheetNo: 3  row:  37    column:  5
Click id dislike_button_41
id-------------- dislike_button_41
[[ChromeDriver: chrome on WINDOWS (242683bb4a53a801686bb966412acd88)] -> id: dislike_button_41]
Click
SheetNo: 3  row:  37    column:  6
SheetNo: 3  row:  37    column:  6
SheetNo: 3  row:  38    column:  1
SheetNo: 3  row:  38    column:  3
SheetNo: 3  row:  38    column:  4
SheetNo: 3  row:  38    column:  5
Click id like_button_43
id-------------- like_button_43
[[ChromeDriver: chrome on WINDOWS (242683bb4a53a801686bb966412acd88)] -> id: like_button_43]
Click
SheetNo: 3  row:  38    column:  6
SheetNo: 3  row:  38    column:  6
SheetNo: 3  row:  39    column:  1
SheetNo: 3  row:  39    column:  3
SheetNo: 3  row:  39    column:  4
SheetNo: 3  row:  39    column:  5
Entertext id chat-input
id-------------- chat-input
[[ChromeDriver: chrome on WINDOWS (242683bb4a53a801686bb966412acd88)] -> id: chat-input]
SheetNo: 3  row:  39    column:  2
Entertext
SheetNo: 3  row:  40    column:  1
SheetNo: 3  row:  40    column:  3
SheetNo: 3  row:  40    column:  4
SheetNo: 3  row:  40    column:  5
Click id send-button
id-------------- send-button
[[ChromeDriver: chrome on WINDOWS (242683bb4a53a801686bb966412acd88)] -> id: send-button]
Click
SheetNo: 3  row:  40    column:  6
SheetNo: 3  row:  40    column:  6
SheetNo: 3  row:  41    column:  1
SheetNo: 3  row:  41    column:  3
SheetNo: 3  row:  41    column:  4
SheetNo: 3  row:  41    column:  5
Click id sub_menu_48_2
id-------------- sub_menu_48_2
[[ChromeDriver: chrome on WINDOWS (242683bb4a53a801686bb966412acd88)] -> id: sub_menu_48_2]
Click
SheetNo: 3  row:  41    column:  6
SheetNo: 3  row:  41    column:  6
SheetNo: 3  row:  42    column:  1
SheetNo: 3  row:  43    column:  1
SheetNo: 3  row:  43    column:  3
SheetNo: 3  row:  43    column:  4
SheetNo: 3  row:  43    column:  5
Click id like_button_49
id-------------- like_button_49
[[ChromeDriver: chrome on WINDOWS (242683bb4a53a801686bb966412acd88)] -> id: like_button_49]
Click
SheetNo: 3  row:  43    column:  6
SheetNo: 3  row:  43    column:  6
SheetNo: 3  row:  44    column:  1
SheetNo: 3  row:  44    column:  3
SheetNo: 3  row:  44    column:  4
SheetNo: 3  row:  44    column:  5
Click id like_button_51
id-------------- like_button_51
[[ChromeDriver: chrome on WINDOWS (242683bb4a53a801686bb966412acd88)] -> id: like_button_51]
Click
SheetNo: 3  row:  44    column:  6
SheetNo: 3  row:  44    column:  6
SheetNo: 3  row:  45    column:  1
SheetNo: 3  row:  45    column:  3
SheetNo: 3  row:  45    column:  4
SheetNo: 3  row:  45    column:  5
Entertext id chat-input
id-------------- chat-input
[[ChromeDriver: chrome on WINDOWS (242683bb4a53a801686bb966412acd88)] -> id: chat-input]
SheetNo: 3  row:  45    column:  2
Entertext
SheetNo: 3  row:  46    column:  1
SheetNo: 3  row:  46    column:  3
SheetNo: 3  row:  46    column:  4
SheetNo: 3  row:  46    column:  5
Click id send-button
id-------------- send-button
[[ChromeDriver: chrome on WINDOWS (242683bb4a53a801686bb966412acd88)] -> id: send-button]
Click
SheetNo: 3  row:  46    column:  6
SheetNo: 3  row:  46    column:  6
SheetNo: 3  row:  47    column:  1
SheetNo: 3  row:  47    column:  3
SheetNo: 3  row:  47    column:  4
SheetNo: 3  row:  47    column:  5
Click id sub_menu_55_2
id-------------- sub_menu_55_2
[[ChromeDriver: chrome on WINDOWS (242683bb4a53a801686bb966412acd88)] -> id: sub_menu_55_2]
Click
SheetNo: 3  row:  47    column:  6
SheetNo: 3  row:  47    column:  6
SheetNo: 3  row:  48    column:  1
SheetNo: 3  row:  49    column:  1
SheetNo: 3  row:  49    column:  3
SheetNo: 3  row:  49    column:  4
SheetNo: 3  row:  49    column:  5
Click id dislike_button_56
id-------------- dislike_button_56
[[ChromeDriver: chrome on WINDOWS (242683bb4a53a801686bb966412acd88)] -> id: dislike_button_56]
Click
SheetNo: 3  row:  49    column:  6
SheetNo: 3  row:  49    column:  6
SheetNo: 3  row:  50    column:  1
SheetNo: 3  row:  50    column:  3
SheetNo: 3  row:  50    column:  4
SheetNo: 3  row:  50    column:  5
Click id dislike_button_58
id-------------- dislike_button_58
[[ChromeDriver: chrome on WINDOWS (242683bb4a53a801686bb966412acd88)] -> id: dislike_button_58]
Click
SheetNo: 3  row:  50    column:  6
SheetNo: 3  row:  50    column:  6
SheetNo: 3  row:  51    column:  1
SheetNo: 3  row:  51    column:  3
SheetNo: 3  row:  51    column:  4
SheetNo: 3  row:  51    column:  5
Click id like_button_59
id-------------- like_button_59
[[ChromeDriver: chrome on WINDOWS (242683bb4a53a801686bb966412acd88)] -> id: like_button_59]
Click
SheetNo: 3  row:  51    column:  6
SheetNo: 3  row:  51    column:  6
SheetNo: 3  row:  52    column:  1
SheetNo: 3  row:  52    column:  3
SheetNo: 3  row:  52    column:  4
SheetNo: 3  row:  52    column:  5
Entertext id chat-input
id-------------- chat-input
[[ChromeDriver: chrome on WINDOWS (242683bb4a53a801686bb966412acd88)] -> id: chat-input]
SheetNo: 3  row:  52    column:  2
Entertext
SheetNo: 3  row:  53    column:  1
SheetNo: 3  row:  53    column:  3
SheetNo: 3  row:  53    column:  4
SheetNo: 3  row:  53    column:  5
Click id send-button
id-------------- send-button
[[ChromeDriver: chrome on WINDOWS (242683bb4a53a801686bb966412acd88)] -> id: send-button]
Click
SheetNo: 3  row:  53    column:  6
SheetNo: 3  row:  53    column:  6
SheetNo: 3  row:  54    column:  1
SheetNo: 3  row:  54    column:  3
SheetNo: 3  row:  54    column:  4
SheetNo: 3  row:  54    column:  5
Click id sub_menu_63_2
id-------------- sub_menu_63_2
[[ChromeDriver: chrome on WINDOWS (242683bb4a53a801686bb966412acd88)] -> id: sub_menu_63_2]
Click
SheetNo: 3  row:  54    column:  6
SheetNo: 3  row:  54    column:  6
SheetNo: 3  row:  55    column:  1
SheetNo: 3  row:  56    column:  1
SheetNo: 3  row:  56    column:  3
SheetNo: 3  row:  56    column:  4
SheetNo: 3  row:  56    column:  5
Click id dislike_button_64
id-------------- dislike_button_64
[[ChromeDriver: chrome on WINDOWS (242683bb4a53a801686bb966412acd88)] -> id: dislike_button_64]
Click
SheetNo: 3  row:  56    column:  6
SheetNo: 3  row:  56    column:  6
SheetNo: 3  row:  57    column:  1
SheetNo: 3  row:  57    column:  3
SheetNo: 3  row:  57    column:  4
SheetNo: 3  row:  57    column:  5
Click id like_button_66
id-------------- like_button_66
[[ChromeDriver: chrome on WINDOWS (242683bb4a53a801686bb966412acd88)] -> id: like_button_66]
Click
SheetNo: 3  row:  57    column:  6
SheetNo: 3  row:  57    column:  6
]]></system-out>
    <system-err><![CDATA[Starting ChromeDriver 84.0.4147.30 (48b3e868b4cc0aa7e8149519690b6f6949e110a8-refs/branch-heads/4147@{#310}) on port 37995
Only local connections are allowed.
Please see https://chromedriver.chromium.org/security-considerations for suggestions on keeping ChromeDriver safe.
ChromeDriver was started successfully.
Aug 27, 2020 2:58:15 PM org.openqa.selenium.remote.ProtocolHandshake createSession
INFO: Detected dialect: W3C
]]></system-err>
  </testcase>
</testsuite>