<?xml version="1.0" encoding="UTF-8"?>
<testng-results skipped="0" failed="0" ignored="0" total="4" passed="4">
  <reporter-output>
  </reporter-output>
  <suite name="ChatBotUISuite" duration-ms="595755" started-at="2020-09-16T14:21:53Z" finished-at="2020-09-16T14:31:49Z">
    <groups>
    </groups>
    <test name="outlookTest" duration-ms="124825" started-at="2020-09-16T14:21:53Z" finished-at="2020-09-16T14:23:58Z">
      <class name="com.isl.rnd.chatbotui.ChatBotUI">
        <test-method status="PASS" signature="loadingDriver(java.lang.String, java.lang.String, java.lang.String, int)[pri:0, instance:com.isl.rnd.chatbotui.ChatBotUI@1bce4f0a]" name="loadingDriver" is-config="true" duration-ms="1" started-at="2020-09-16T14:21:54Z" finished-at="2020-09-16T14:21:54Z">
          <params>
            <param index="0">
              <value>
                <![CDATA[webdriver.chrome.driver]]>
              </value>
            </param>
            <param index="1">
              <value>
                <![CDATA[src\\test\\resources\\chromedriver_win32\\chromedriver.exe]]>
              </value>
            </param>
            <param index="2">
              <value>
                <![CDATA[http://10.132.10.166:4200/]]>
              </value>
            </param>
            <param index="3">
              <value>
                <![CDATA[1]]>
              </value>
            </param>
          </params>
          <reporter-output>
          </reporter-output>
        </test-method> <!-- loadingDriver -->
        <test-method status="PASS" signature="testOutlook(java.lang.String, java.lang.String, java.lang.String, int)[pri:0, instance:com.isl.rnd.chatbotui.ChatBotUI@1bce4f0a]" name="testOutlook" duration-ms="124776" started-at="2020-09-16T14:21:54Z" finished-at="2020-09-16T14:23:58Z">
          <params>
            <param index="0">
              <value>
                <![CDATA[webdriver.chrome.driver]]>
              </value>
            </param>
            <param index="1">
              <value>
                <![CDATA[src\\test\\resources\\chromedriver_win32\\chromedriver.exe]]>
              </value>
            </param>
            <param index="2">
              <value>
                <![CDATA[http://10.132.10.166:4200/]]>
              </value>
            </param>
            <param index="3">
              <value>
                <![CDATA[1]]>
              </value>
            </param>
          </params>
          <reporter-output>
          </reporter-output>
        </test-method> <!-- testOutlook -->
        <test-method status="PASS" signature="cleanUp()[pri:0, instance:com.isl.rnd.chatbotui.ChatBotUI@1bce4f0a]" name="cleanUp" is-config="true" duration-ms="1" started-at="2020-09-16T14:23:58Z" finished-at="2020-09-16T14:23:58Z">
          <reporter-output>
          </reporter-output>
        </test-method> <!-- cleanUp -->
      </class> <!-- com.isl.rnd.chatbotui.ChatBotUI -->
    </test> <!-- outlookTest -->
    <test name="printerTest" duration-ms="91519" started-at="2020-09-16T14:23:58Z" finished-at="2020-09-16T14:25:30Z">
      <class name="com.isl.rnd.chatbotui.Printer">
        <test-method status="PASS" signature="loadingDriver(java.lang.String, java.lang.String, java.lang.String, int)[pri:0, instance:com.isl.rnd.chatbotui.Printer@598067a5]" name="loadingDriver" is-config="true" duration-ms="0" started-at="2020-09-16T14:23:58Z" finished-at="2020-09-16T14:23:58Z">
          <params>
            <param index="0">
              <value>
                <![CDATA[webdriver.chrome.driver]]>
              </value>
            </param>
            <param index="1">
              <value>
                <![CDATA[src\\test\\resources\\chromedriver_win32\\chromedriver.exe]]>
              </value>
            </param>
            <param index="2">
              <value>
                <![CDATA[http://10.132.10.166:4200/]]>
              </value>
            </param>
            <param index="3">
              <value>
                <![CDATA[0]]>
              </value>
            </param>
          </params>
          <reporter-output>
          </reporter-output>
        </test-method> <!-- loadingDriver -->
        <test-method status="PASS" signature="printerTest(java.lang.String, java.lang.String, java.lang.String, int)[pri:0, instance:com.isl.rnd.chatbotui.Printer@598067a5]" name="printerTest" duration-ms="91512" started-at="2020-09-16T14:23:58Z" finished-at="2020-09-16T14:25:30Z">
          <params>
            <param index="0">
              <value>
                <![CDATA[webdriver.chrome.driver]]>
              </value>
            </param>
            <param index="1">
              <value>
                <![CDATA[src\\test\\resources\\chromedriver_win32\\chromedriver.exe]]>
              </value>
            </param>
            <param index="2">
              <value>
                <![CDATA[http://10.132.10.166:4200/]]>
              </value>
            </param>
            <param index="3">
              <value>
                <![CDATA[0]]>
              </value>
            </param>
          </params>
          <reporter-output>
          </reporter-output>
        </test-method> <!-- printerTest -->
        <test-method status="PASS" signature="cleanUp()[pri:0, instance:com.isl.rnd.chatbotui.Printer@598067a5]" name="cleanUp" is-config="true" duration-ms="0" started-at="2020-09-16T14:25:30Z" finished-at="2020-09-16T14:25:30Z">
          <reporter-output>
          </reporter-output>
        </test-method> <!-- cleanUp -->
      </class> <!-- com.isl.rnd.chatbotui.Printer -->
    </test> <!-- printerTest -->
    <test name="internetExplorerTest" duration-ms="192779" started-at="2020-09-16T14:25:30Z" finished-at="2020-09-16T14:28:43Z">
      <class name="com.isl.rnd.chatbotui.InternetExplorer">
        <test-method status="PASS" signature="loadingDriver(java.lang.String, java.lang.String, java.lang.String, int)[pri:0, instance:com.isl.rnd.chatbotui.InternetExplorer@6500df86]" name="loadingDriver" is-config="true" duration-ms="1" started-at="2020-09-16T14:25:30Z" finished-at="2020-09-16T14:25:30Z">
          <params>
            <param index="0">
              <value>
                <![CDATA[webdriver.chrome.driver]]>
              </value>
            </param>
            <param index="1">
              <value>
                <![CDATA[src\\test\\resources\\chromedriver_win32\\chromedriver.exe]]>
              </value>
            </param>
            <param index="2">
              <value>
                <![CDATA[http://10.132.10.166:4200/]]>
              </value>
            </param>
            <param index="3">
              <value>
                <![CDATA[2]]>
              </value>
            </param>
          </params>
          <reporter-output>
          </reporter-output>
        </test-method> <!-- loadingDriver -->
        <test-method status="PASS" signature="printerTest(java.lang.String, java.lang.String, java.lang.String, int)[pri:0, instance:com.isl.rnd.chatbotui.InternetExplorer@6500df86]" name="printerTest" duration-ms="192768" started-at="2020-09-16T14:25:30Z" finished-at="2020-09-16T14:28:43Z">
          <params>
            <param index="0">
              <value>
                <![CDATA[webdriver.chrome.driver]]>
              </value>
            </param>
            <param index="1">
              <value>
                <![CDATA[src\\test\\resources\\chromedriver_win32\\chromedriver.exe]]>
              </value>
            </param>
            <param index="2">
              <value>
                <![CDATA[http://10.132.10.166:4200/]]>
              </value>
            </param>
            <param index="3">
              <value>
                <![CDATA[2]]>
              </value>
            </param>
          </params>
          <reporter-output>
          </reporter-output>
        </test-method> <!-- printerTest -->
        <test-method status="PASS" signature="cleanUp()[pri:0, instance:com.isl.rnd.chatbotui.InternetExplorer@6500df86]" name="cleanUp" is-config="true" duration-ms="1" started-at="2020-09-16T14:28:43Z" finished-at="2020-09-16T14:28:43Z">
          <reporter-output>
          </reporter-output>
        </test-method> <!-- cleanUp -->
      </class> <!-- com.isl.rnd.chatbotui.InternetExplorer -->
    </test> <!-- internetExplorerTest -->
    <test name="mobilityTest" duration-ms="186550" started-at="2020-09-16T14:28:43Z" finished-at="2020-09-16T14:31:49Z">
      <class name="com.isl.rnd.chatbotui.Mobility">
        <test-method status="PASS" signature="loadingDriver(java.lang.String, java.lang.String, java.lang.String, int)[pri:0, instance:com.isl.rnd.chatbotui.Mobility@7085bdee]" name="loadingDriver" is-config="true" duration-ms="2" started-at="2020-09-16T14:28:43Z" finished-at="2020-09-16T14:28:43Z">
          <params>
            <param index="0">
              <value>
                <![CDATA[webdriver.chrome.driver]]>
              </value>
            </param>
            <param index="1">
              <value>
                <![CDATA[src\\test\\resources\\chromedriver_win32\\chromedriver.exe]]>
              </value>
            </param>
            <param index="2">
              <value>
                <![CDATA[http://10.132.10.166:4200/]]>
              </value>
            </param>
            <param index="3">
              <value>
                <![CDATA[3]]>
              </value>
            </param>
          </params>
          <reporter-output>
          </reporter-output>
        </test-method> <!-- loadingDriver -->
        <test-method status="PASS" signature="printerTest(java.lang.String, java.lang.String, java.lang.String, int)[pri:0, instance:com.isl.rnd.chatbotui.Mobility@7085bdee]" name="printerTest" duration-ms="186542" started-at="2020-09-16T14:28:43Z" finished-at="2020-09-16T14:31:49Z">
          <params>
            <param index="0">
              <value>
                <![CDATA[webdriver.chrome.driver]]>
              </value>
            </param>
            <param index="1">
              <value>
                <![CDATA[src\\test\\resources\\chromedriver_win32\\chromedriver.exe]]>
              </value>
            </param>
            <param index="2">
              <value>
                <![CDATA[http://10.132.10.166:4200/]]>
              </value>
            </param>
            <param index="3">
              <value>
                <![CDATA[3]]>
              </value>
            </param>
          </params>
          <reporter-output>
          </reporter-output>
        </test-method> <!-- printerTest -->
        <test-method status="PASS" signature="cleanUp()[pri:0, instance:com.isl.rnd.chatbotui.Mobility@7085bdee]" name="cleanUp" is-config="true" duration-ms="2" started-at="2020-09-16T14:31:49Z" finished-at="2020-09-16T14:31:49Z">
          <reporter-output>
          </reporter-output>
        </test-method> <!-- cleanUp -->
      </class> <!-- com.isl.rnd.chatbotui.Mobility -->
      <class name="com.isl.rnd.chatbotui.ChatBotUI">
        <test-method status="PASS" signature="getExcelFile(java.lang.String)[pri:0, instance:com.isl.rnd.chatbotui.ChatBotUI@1bce4f0a]" name="getExcelFile" is-config="true" duration-ms="975" started-at="2020-09-16T14:21:52Z" finished-at="2020-09-16T14:21:53Z">
          <params>
            <param index="0">
              <value>
                <![CDATA[src\\test\\resources\\excel\\ChatbotUI.xlsx]]>
              </value>
            </param>
          </params>
          <reporter-output>
          </reporter-output>
        </test-method> <!-- getExcelFile -->
        <test-method status="PASS" signature="getExcelFile(java.lang.String)[pri:0, instance:com.isl.rnd.chatbotui.Printer@598067a5]" name="getExcelFile" is-config="true" duration-ms="195" started-at="2020-09-16T14:21:53Z" finished-at="2020-09-16T14:21:53Z">
          <params>
            <param index="0">
              <value>
                <![CDATA[src\\test\\resources\\excel\\ChatbotUI.xlsx]]>
              </value>
            </param>
          </params>
          <reporter-output>
          </reporter-output>
        </test-method> <!-- getExcelFile -->
        <test-method status="PASS" signature="getExcelFile(java.lang.String)[pri:0, instance:com.isl.rnd.chatbotui.InternetExplorer@6500df86]" name="getExcelFile" is-config="true" duration-ms="140" started-at="2020-09-16T14:21:53Z" finished-at="2020-09-16T14:21:53Z">
          <params>
            <param index="0">
              <value>
                <![CDATA[src\\test\\resources\\excel\\ChatbotUI.xlsx]]>
              </value>
            </param>
          </params>
          <reporter-output>
          </reporter-output>
        </test-method> <!-- getExcelFile -->
        <test-method status="PASS" signature="getExcelFile(java.lang.String)[pri:0, instance:com.isl.rnd.chatbotui.Mobility@7085bdee]" name="getExcelFile" is-config="true" duration-ms="165" started-at="2020-09-16T14:21:53Z" finished-at="2020-09-16T14:21:53Z">
          <params>
            <param index="0">
              <value>
                <![CDATA[src\\test\\resources\\excel\\ChatbotUI.xlsx]]>
              </value>
            </param>
          </params>
          <reporter-output>
          </reporter-output>
        </test-method> <!-- getExcelFile -->
      </class> <!-- com.isl.rnd.chatbotui.ChatBotUI -->
    </test> <!-- mobilityTest -->
  </suite> <!-- ChatBotUISuite -->
</testng-results>
