<?xml version="1.0" encoding="UTF-8"?>
<testng-results skipped="0" failed="0" ignored="0" total="4" passed="4">
  <reporter-output>
  </reporter-output>
  <suite name="ChatBotUISuite" duration-ms="568830" started-at="2020-08-27T09:21:45Z" finished-at="2020-08-27T09:31:13Z">
    <groups>
    </groups>
    <test name="outlookTest" duration-ms="123572" started-at="2020-08-27T09:21:45Z" finished-at="2020-08-27T09:23:48Z">
      <class name="com.isl.rnd.chatbotui.ChatBotUI">
        <test-method status="PASS" signature="loadingDriver(java.lang.String, java.lang.String, java.lang.String, int)[pri:0, instance:com.isl.rnd.chatbotui.ChatBotUI@1bce4f0a]" name="loadingDriver" is-config="true" duration-ms="1" started-at="2020-08-27T09:21:45Z" finished-at="2020-08-27T09:21:45Z">
          <params>
            <param index="0">
              <value>
                <![CDATA[webdriver.chrome.driver]]>
              </value>
            </param>
            <param index="1">
              <value>
                <![CDATA[src\\test\\resources\\chromedriver_win32\\chromedriver.exe]]>
              </value>
            </param>
            <param index="2">
              <value>
                <![CDATA[http://localhost:4200/]]>
              </value>
            </param>
            <param index="3">
              <value>
                <![CDATA[1]]>
              </value>
            </param>
          </params>
          <reporter-output>
          </reporter-output>
        </test-method> <!-- loadingDriver -->
        <test-method status="PASS" signature="testOutlook(java.lang.String, java.lang.String, java.lang.String, int)[pri:0, instance:com.isl.rnd.chatbotui.ChatBotUI@1bce4f0a]" name="testOutlook" duration-ms="123510" started-at="2020-08-27T09:21:45Z" finished-at="2020-08-27T09:23:48Z">
          <params>
            <param index="0">
              <value>
                <![CDATA[webdriver.chrome.driver]]>
              </value>
            </param>
            <param index="1">
              <value>
                <![CDATA[src\\test\\resources\\chromedriver_win32\\chromedriver.exe]]>
              </value>
            </param>
            <param index="2">
              <value>
                <![CDATA[http://localhost:4200/]]>
              </value>
            </param>
            <param index="3">
              <value>
                <![CDATA[1]]>
              </value>
            </param>
          </params>
          <reporter-output>
          </reporter-output>
        </test-method> <!-- testOutlook -->
        <test-method status="PASS" signature="cleanUp()[pri:0, instance:com.isl.rnd.chatbotui.ChatBotUI@1bce4f0a]" name="cleanUp" is-config="true" duration-ms="1" started-at="2020-08-27T09:23:48Z" finished-at="2020-08-27T09:23:48Z">
          <reporter-output>
          </reporter-output>
        </test-method> <!-- cleanUp -->
      </class> <!-- com.isl.rnd.chatbotui.ChatBotUI -->
    </test> <!-- outlookTest -->
    <test name="printerTest" duration-ms="79117" started-at="2020-08-27T09:23:48Z" finished-at="2020-08-27T09:25:07Z">
      <class name="com.isl.rnd.chatbotui.Printer">
        <test-method status="PASS" signature="loadingDriver(java.lang.String, java.lang.String, java.lang.String, int)[pri:0, instance:com.isl.rnd.chatbotui.Printer@598067a5]" name="loadingDriver" is-config="true" duration-ms="4" started-at="2020-08-27T09:23:48Z" finished-at="2020-08-27T09:23:48Z">
          <params>
            <param index="0">
              <value>
                <![CDATA[webdriver.chrome.driver]]>
              </value>
            </param>
            <param index="1">
              <value>
                <![CDATA[src\\test\\resources\\chromedriver_win32\\chromedriver.exe]]>
              </value>
            </param>
            <param index="2">
              <value>
                <![CDATA[http://localhost:4200/]]>
              </value>
            </param>
            <param index="3">
              <value>
                <![CDATA[0]]>
              </value>
            </param>
          </params>
          <reporter-output>
          </reporter-output>
        </test-method> <!-- loadingDriver -->
        <test-method status="PASS" signature="printerTest(java.lang.String, java.lang.String, java.lang.String, int)[pri:0, instance:com.isl.rnd.chatbotui.Printer@598067a5]" name="printerTest" duration-ms="79109" started-at="2020-08-27T09:23:48Z" finished-at="2020-08-27T09:25:07Z">
          <params>
            <param index="0">
              <value>
                <![CDATA[webdriver.chrome.driver]]>
              </value>
            </param>
            <param index="1">
              <value>
                <![CDATA[src\\test\\resources\\chromedriver_win32\\chromedriver.exe]]>
              </value>
            </param>
            <param index="2">
              <value>
                <![CDATA[http://localhost:4200/]]>
              </value>
            </param>
            <param index="3">
              <value>
                <![CDATA[0]]>
              </value>
            </param>
          </params>
          <reporter-output>
          </reporter-output>
        </test-method> <!-- printerTest -->
        <test-method status="PASS" signature="cleanUp()[pri:0, instance:com.isl.rnd.chatbotui.Printer@598067a5]" name="cleanUp" is-config="true" duration-ms="1" started-at="2020-08-27T09:25:07Z" finished-at="2020-08-27T09:25:07Z">
          <reporter-output>
          </reporter-output>
        </test-method> <!-- cleanUp -->
      </class> <!-- com.isl.rnd.chatbotui.Printer -->
    </test> <!-- printerTest -->
    <test name="internetExplorerTest" duration-ms="183553" started-at="2020-08-27T09:25:07Z" finished-at="2020-08-27T09:28:11Z">
      <class name="com.isl.rnd.chatbotui.InternetExplorer">
        <test-method status="PASS" signature="loadingDriver(java.lang.String, java.lang.String, java.lang.String, int)[pri:0, instance:com.isl.rnd.chatbotui.InternetExplorer@6500df86]" name="loadingDriver" is-config="true" duration-ms="0" started-at="2020-08-27T09:25:07Z" finished-at="2020-08-27T09:25:07Z">
          <params>
            <param index="0">
              <value>
                <![CDATA[webdriver.chrome.driver]]>
              </value>
            </param>
            <param index="1">
              <value>
                <![CDATA[src\\test\\resources\\chromedriver_win32\\chromedriver.exe]]>
              </value>
            </param>
            <param index="2">
              <value>
                <![CDATA[http://localhost:4200/]]>
              </value>
            </param>
            <param index="3">
              <value>
                <![CDATA[2]]>
              </value>
            </param>
          </params>
          <reporter-output>
          </reporter-output>
        </test-method> <!-- loadingDriver -->
        <test-method status="PASS" signature="printerTest(java.lang.String, java.lang.String, java.lang.String, int)[pri:0, instance:com.isl.rnd.chatbotui.InternetExplorer@6500df86]" name="printerTest" duration-ms="183549" started-at="2020-08-27T09:25:07Z" finished-at="2020-08-27T09:28:11Z">
          <params>
            <param index="0">
              <value>
                <![CDATA[webdriver.chrome.driver]]>
              </value>
            </param>
            <param index="1">
              <value>
                <![CDATA[src\\test\\resources\\chromedriver_win32\\chromedriver.exe]]>
              </value>
            </param>
            <param index="2">
              <value>
                <![CDATA[http://localhost:4200/]]>
              </value>
            </param>
            <param index="3">
              <value>
                <![CDATA[2]]>
              </value>
            </param>
          </params>
          <reporter-output>
          </reporter-output>
        </test-method> <!-- printerTest -->
        <test-method status="PASS" signature="cleanUp()[pri:0, instance:com.isl.rnd.chatbotui.InternetExplorer@6500df86]" name="cleanUp" is-config="true" duration-ms="0" started-at="2020-08-27T09:28:11Z" finished-at="2020-08-27T09:28:11Z">
          <reporter-output>
          </reporter-output>
        </test-method> <!-- cleanUp -->
      </class> <!-- com.isl.rnd.chatbotui.InternetExplorer -->
    </test> <!-- internetExplorerTest -->
    <test name="mobilityTest" duration-ms="182447" started-at="2020-08-27T09:28:11Z" finished-at="2020-08-27T09:31:13Z">
      <class name="com.isl.rnd.chatbotui.Mobility">
        <test-method status="PASS" signature="loadingDriver(java.lang.String, java.lang.String, java.lang.String, int)[pri:0, instance:com.isl.rnd.chatbotui.Mobility@7085bdee]" name="loadingDriver" is-config="true" duration-ms="1" started-at="2020-08-27T09:28:11Z" finished-at="2020-08-27T09:28:11Z">
          <params>
            <param index="0">
              <value>
                <![CDATA[webdriver.chrome.driver]]>
              </value>
            </param>
            <param index="1">
              <value>
                <![CDATA[src\\test\\resources\\chromedriver_win32\\chromedriver.exe]]>
              </value>
            </param>
            <param index="2">
              <value>
                <![CDATA[http://localhost:4200/]]>
              </value>
            </param>
            <param index="3">
              <value>
                <![CDATA[3]]>
              </value>
            </param>
          </params>
          <reporter-output>
          </reporter-output>
        </test-method> <!-- loadingDriver -->
        <test-method status="PASS" signature="printerTest(java.lang.String, java.lang.String, java.lang.String, int)[pri:0, instance:com.isl.rnd.chatbotui.Mobility@7085bdee]" name="printerTest" duration-ms="182444" started-at="2020-08-27T09:28:11Z" finished-at="2020-08-27T09:31:13Z">
          <params>
            <param index="0">
              <value>
                <![CDATA[webdriver.chrome.driver]]>
              </value>
            </param>
            <param index="1">
              <value>
                <![CDATA[src\\test\\resources\\chromedriver_win32\\chromedriver.exe]]>
              </value>
            </param>
            <param index="2">
              <value>
                <![CDATA[http://localhost:4200/]]>
              </value>
            </param>
            <param index="3">
              <value>
                <![CDATA[3]]>
              </value>
            </param>
          </params>
          <reporter-output>
          </reporter-output>
        </test-method> <!-- printerTest -->
        <test-method status="PASS" signature="cleanUp()[pri:0, instance:com.isl.rnd.chatbotui.Mobility@7085bdee]" name="cleanUp" is-config="true" duration-ms="1" started-at="2020-08-27T09:31:13Z" finished-at="2020-08-27T09:31:13Z">
          <reporter-output>
          </reporter-output>
        </test-method> <!-- cleanUp -->
      </class> <!-- com.isl.rnd.chatbotui.Mobility -->
      <class name="com.isl.rnd.chatbotui.ChatBotUI">
        <test-method status="PASS" signature="getExcelFile(java.lang.String)[pri:0, instance:com.isl.rnd.chatbotui.ChatBotUI@1bce4f0a]" name="getExcelFile" is-config="true" duration-ms="998" started-at="2020-08-27T09:21:43Z" finished-at="2020-08-27T09:21:44Z">
          <params>
            <param index="0">
              <value>
                <![CDATA[src\\test\\resources\\excel\\ChatbotUI.xlsx]]>
              </value>
            </param>
          </params>
          <reporter-output>
          </reporter-output>
        </test-method> <!-- getExcelFile -->
        <test-method status="PASS" signature="getExcelFile(java.lang.String)[pri:0, instance:com.isl.rnd.chatbotui.Printer@598067a5]" name="getExcelFile" is-config="true" duration-ms="234" started-at="2020-08-27T09:21:44Z" finished-at="2020-08-27T09:21:44Z">
          <params>
            <param index="0">
              <value>
                <![CDATA[src\\test\\resources\\excel\\ChatbotUI.xlsx]]>
              </value>
            </param>
          </params>
          <reporter-output>
          </reporter-output>
        </test-method> <!-- getExcelFile -->
        <test-method status="PASS" signature="getExcelFile(java.lang.String)[pri:0, instance:com.isl.rnd.chatbotui.InternetExplorer@6500df86]" name="getExcelFile" is-config="true" duration-ms="245" started-at="2020-08-27T09:21:44Z" finished-at="2020-08-27T09:21:44Z">
          <params>
            <param index="0">
              <value>
                <![CDATA[src\\test\\resources\\excel\\ChatbotUI.xlsx]]>
              </value>
            </param>
          </params>
          <reporter-output>
          </reporter-output>
        </test-method> <!-- getExcelFile -->
        <test-method status="PASS" signature="getExcelFile(java.lang.String)[pri:0, instance:com.isl.rnd.chatbotui.Mobility@7085bdee]" name="getExcelFile" is-config="true" duration-ms="144" started-at="2020-08-27T09:21:44Z" finished-at="2020-08-27T09:21:45Z">
          <params>
            <param index="0">
              <value>
                <![CDATA[src\\test\\resources\\excel\\ChatbotUI.xlsx]]>
              </value>
            </param>
          </params>
          <reporter-output>
          </reporter-output>
        </test-method> <!-- getExcelFile -->
      </class> <!-- com.isl.rnd.chatbotui.ChatBotUI -->
    </test> <!-- mobilityTest -->
  </suite> <!-- ChatBotUISuite -->
</testng-results>
