<?xml version="1.0" encoding="UTF-8"?>
<testng-results skipped="0" failed="0" ignored="0" total="10" passed="10">
  <reporter-output>
  </reporter-output>
  <suite name="Google Search Tests" duration-ms="65874" started-at="2019-04-23T06:50:18Z" finished-at="2019-04-23T06:51:24Z">
    <groups>
    </groups>
    <test name="Tests on Chrome" duration-ms="25190" started-at="2019-04-23T06:50:18Z" finished-at="2019-04-23T06:50:43Z">
      <class name="GoogleSearchTest">
        <test-method status="PASS" signature="setUp(java.lang.String, java.lang.String, java.lang.String, java.lang.String)[pri:0, instance:GoogleSearchTest@5ce81285]" name="setUp" is-config="true" duration-ms="22635" started-at="2019-04-23T06:50:18Z" finished-at="2019-04-23T06:50:41Z">
          <params>
            <param index="0">
              <value>
                <![CDATA[windows]]>
              </value>
            </param>
            <param index="1">
              <value>
                <![CDATA[chrome]]>
              </value>
            </param>
            <param index="2">
              <value>
                <![CDATA[https://www.google.com/]]>
              </value>
            </param>
            <param index="3">
              <value>
                <![CDATA[http://10.4.48.210:4546]]>
              </value>
            </param>
          </params>
          <reporter-output>
          </reporter-output>
        </test-method> <!-- setUp -->
        <test-method status="PASS" signature="googleFeelingLuckyButtonTest()[pri:0, instance:GoogleSearchTest@5ce81285]" name="googleFeelingLuckyButtonTest" duration-ms="2369" started-at="2019-04-23T06:50:41Z" finished-at="2019-04-23T06:50:43Z">
          <reporter-output>
          </reporter-output>
        </test-method> <!-- googleFeelingLuckyButtonTest -->
        <test-method status="PASS" signature="googleSearchBox()[pri:0, instance:GoogleSearchTest@5ce81285]" name="googleSearchBox" duration-ms="55" started-at="2019-04-23T06:50:43Z" finished-at="2019-04-23T06:50:43Z">
          <reporter-output>
          </reporter-output>
        </test-method> <!-- googleSearchBox -->
        <test-method status="PASS" signature="googleSearchButtonTest()[pri:0, instance:GoogleSearchTest@5ce81285]" name="googleSearchButtonTest" duration-ms="44" started-at="2019-04-23T06:50:43Z" finished-at="2019-04-23T06:50:43Z">
          <reporter-output>
          </reporter-output>
        </test-method> <!-- googleSearchButtonTest -->
        <test-method status="PASS" signature="googleTitleTest()[pri:0, instance:GoogleSearchTest@5ce81285]" name="googleTitleTest" duration-ms="6" started-at="2019-04-23T06:50:43Z" finished-at="2019-04-23T06:50:43Z">
          <reporter-output>
          </reporter-output>
        </test-method> <!-- googleTitleTest -->
        <test-method status="PASS" signature="googleUrlTest()[pri:0, instance:GoogleSearchTest@5ce81285]" name="googleUrlTest" duration-ms="6" started-at="2019-04-23T06:50:43Z" finished-at="2019-04-23T06:50:43Z">
          <reporter-output>
          </reporter-output>
        </test-method> <!-- googleUrlTest -->
        <test-method status="PASS" signature="closeBrowser()[pri:0, instance:GoogleSearchTest@5ce81285]" name="closeBrowser" is-config="true" duration-ms="30" started-at="2019-04-23T06:50:43Z" finished-at="2019-04-23T06:50:43Z">
          <reporter-output>
          </reporter-output>
        </test-method> <!-- closeBrowser -->
      </class> <!-- GoogleSearchTest -->
    </test> <!-- Tests on Chrome -->
    <test name="Tests on Firefox" duration-ms="65874" started-at="2019-04-23T06:50:18Z" finished-at="2019-04-23T06:51:24Z">
      <class name="GoogleSearchTest">
        <test-method status="PASS" signature="setUp(java.lang.String, java.lang.String, java.lang.String, java.lang.String)[pri:0, instance:GoogleSearchTest@56ef9176]" name="setUp" is-config="true" duration-ms="61795" started-at="2019-04-23T06:50:18Z" finished-at="2019-04-23T06:51:20Z">
          <params>
            <param index="0">
              <value>
                <![CDATA[windows]]>
              </value>
            </param>
            <param index="1">
              <value>
                <![CDATA[firefox]]>
              </value>
            </param>
            <param index="2">
              <value>
                <![CDATA[https://www.google.com/]]>
              </value>
            </param>
            <param index="3">
              <value>
                <![CDATA[http://10.4.48.210:4546]]>
              </value>
            </param>
          </params>
          <reporter-output>
          </reporter-output>
        </test-method> <!-- setUp -->
        <test-method status="PASS" signature="googleFeelingLuckyButtonTest()[pri:0, instance:GoogleSearchTest@56ef9176]" name="googleFeelingLuckyButtonTest" duration-ms="1040" started-at="2019-04-23T06:51:20Z" finished-at="2019-04-23T06:51:21Z">
          <reporter-output>
          </reporter-output>
        </test-method> <!-- googleFeelingLuckyButtonTest -->
        <test-method status="PASS" signature="googleSearchBox()[pri:0, instance:GoogleSearchTest@56ef9176]" name="googleSearchBox" duration-ms="78" started-at="2019-04-23T06:51:21Z" finished-at="2019-04-23T06:51:21Z">
          <reporter-output>
          </reporter-output>
        </test-method> <!-- googleSearchBox -->
        <test-method status="PASS" signature="googleSearchButtonTest()[pri:0, instance:GoogleSearchTest@56ef9176]" name="googleSearchButtonTest" duration-ms="49" started-at="2019-04-23T06:51:21Z" finished-at="2019-04-23T06:51:21Z">
          <reporter-output>
          </reporter-output>
        </test-method> <!-- googleSearchButtonTest -->
        <test-method status="PASS" signature="googleTitleTest()[pri:0, instance:GoogleSearchTest@56ef9176]" name="googleTitleTest" duration-ms="5" started-at="2019-04-23T06:51:21Z" finished-at="2019-04-23T06:51:21Z">
          <reporter-output>
          </reporter-output>
        </test-method> <!-- googleTitleTest -->
        <test-method status="PASS" signature="googleUrlTest()[pri:0, instance:GoogleSearchTest@56ef9176]" name="googleUrlTest" duration-ms="4" started-at="2019-04-23T06:51:21Z" finished-at="2019-04-23T06:51:21Z">
          <reporter-output>
          </reporter-output>
        </test-method> <!-- googleUrlTest -->
        <test-method status="PASS" signature="closeBrowser()[pri:0, instance:GoogleSearchTest@56ef9176]" name="closeBrowser" is-config="true" duration-ms="2869" started-at="2019-04-23T06:51:21Z" finished-at="2019-04-23T06:51:24Z">
          <reporter-output>
          </reporter-output>
        </test-method> <!-- closeBrowser -->
      </class> <!-- GoogleSearchTest -->
    </test> <!-- Tests on Firefox -->
  </suite> <!-- Google Search Tests -->
</testng-results>
